mode: atomic
messenger/internal/models/chat.go:25.50,26.18 1 4
messenger/internal/models/chat.go:26.18,28.3 1 1
messenger/internal/models/chat.go:30.2,30.33 1 3
messenger/internal/models/chat.go:30.33,32.3 1 1
messenger/internal/models/chat.go:33.2,33.12 1 3
messenger/internal/models/chat.go:38.45,39.18 1 6
messenger/internal/models/chat.go:39.18,41.3 1 2
messenger/internal/models/chat.go:42.2,42.57 1 4
messenger/internal/models/chat.go:46.41,47.27 1 3
messenger/internal/models/chat.go:47.27,49.3 1 2
messenger/internal/models/chat.go:50.2,50.11 1 1
messenger/internal/models/chat.go:54.66,55.35 1 2
messenger/internal/models/chat.go:55.35,57.3 1 1
messenger/internal/models/chat.go:58.2,58.34 1 1
messenger/internal/models/chat_participant.go:28.44,30.2 1 4
messenger/internal/models/chat_participant.go:33.42,35.2 1 4
messenger/internal/models/user.go:15.40,16.18 1 3
messenger/internal/models/user.go:16.18,18.3 1 2
messenger/internal/models/user.go:19.2,19.19 1 1
messenger/internal/crypto/crypto.go:25.71,27.16 2 13
messenger/internal/crypto/crypto.go:27.16,29.3 1 1
messenger/internal/crypto/crypto.go:30.2,30.25 1 12
messenger/internal/crypto/crypto.go:30.25,32.3 1 3
messenger/internal/crypto/crypto.go:34.2,35.16 2 9
messenger/internal/crypto/crypto.go:35.16,37.3 1 0
messenger/internal/crypto/crypto.go:39.2,40.16 2 9
messenger/internal/crypto/crypto.go:40.16,42.3 1 0
messenger/internal/crypto/crypto.go:44.2,44.41 1 9
messenger/internal/crypto/crypto.go:49.89,50.21 1 159
messenger/internal/crypto/crypto.go:50.21,52.3 1 1
messenger/internal/crypto/crypto.go:54.2,55.59 2 158
messenger/internal/crypto/crypto.go:55.59,57.3 1 0
messenger/internal/crypto/crypto.go:59.2,62.6 2 158
messenger/internal/crypto/crypto.go:67.81,68.40 1 64
messenger/internal/crypto/crypto.go:68.40,70.3 1 3
messenger/internal/crypto/crypto.go:72.2,73.16 2 61
messenger/internal/crypto/crypto.go:73.16,75.3 1 1
messenger/internal/crypto/crypto.go:77.2,78.16 2 60
messenger/internal/crypto/crypto.go:78.16,80.3 1 1
messenger/internal/crypto/crypto.go:82.2,83.16 2 59
messenger/internal/crypto/crypto.go:83.16,85.3 1 3
messenger/internal/crypto/crypto.go:87.2,87.31 1 56
messenger/internal/config/config.go:35.36,40.17 3 9
messenger/internal/config/config.go:40.17,42.3 1 1
messenger/internal/config/config.go:44.2,45.21 2 8
messenger/internal/config/config.go:45.21,47.3 1 1
messenger/internal/config/config.go:49.2,49.25 1 7
messenger/internal/config/config.go:49.25,51.3 1 1
messenger/internal/config/config.go:53.2,54.21 2 6
messenger/internal/config/config.go:54.21,56.3 1 1
messenger/internal/config/config.go:57.2,58.39 2 5
messenger/internal/config/config.go:58.39,60.3 1 2
messenger/internal/config/config.go:62.2,70.8 1 3
messenger/internal/services/attachment_service.go:37.22,45.2 1 0
messenger/internal/services/attachment_service.go:53.33,56.16 2 0
messenger/internal/services/attachment_service.go:56.16,58.3 1 0
messenger/internal/services/attachment_service.go:59.2,59.30 1 0
messenger/internal/services/attachment_service.go:59.30,61.3 1 0
messenger/internal/services/attachment_service.go:63.2,66.35 3 0
messenger/internal/services/attachment_service.go:66.35,68.17 2 0
messenger/internal/services/attachment_service.go:68.17,71.4 2 0
messenger/internal/services/attachment_service.go:72.3,73.48 2 0
messenger/internal/services/attachment_service.go:77.2,77.71 1 0
messenger/internal/services/attachment_service.go:77.71,81.3 2 0
messenger/internal/services/attachment_service.go:83.2,83.25 1 0
messenger/internal/services/attachment_service.go:90.39,91.67 1 0
messenger/internal/services/attachment_service.go:91.67,93.3 1 0
messenger/internal/services/attachment_service.go:95.2,96.16 2 0
messenger/internal/services/attachment_service.go:96.16,98.3 1 0
messenger/internal/services/attachment_service.go:100.2,104.47 4 0
messenger/internal/services/attachment_service.go:104.47,106.3 1 0
messenger/internal/services/attachment_service.go:107.2,107.16 1 0
messenger/internal/services/attachment_service.go:107.16,109.3 1 0
messenger/internal/services/attachment_service.go:111.2,120.38 2 0
messenger/internal/services/attachment_service.go:124.100,126.16 2 0
messenger/internal/services/attachment_service.go:126.16,128.3 1 0
messenger/internal/services/attachment_service.go:131.2,132.44 2 0
messenger/internal/services/attachment_service.go:132.44,134.3 1 0
messenger/internal/services/attachment_service.go:137.2,137.64 1 0
messenger/internal/services/attachment_service.go:137.64,140.3 1 0
messenger/internal/services/attachment_service.go:143.2,143.67 1 0
messenger/internal/services/attachment_service.go:143.67,145.3 1 0
messenger/internal/services/attachment_service.go:147.2,147.12 1 0
messenger/internal/services/attachment_service.go:151.123,153.16 2 0
messenger/internal/services/attachment_service.go:153.16,155.3 1 0
messenger/internal/services/attachment_service.go:156.2,156.24 1 0
messenger/internal/services/attachment_service.go:160.60,161.27 1 0
messenger/internal/services/attachment_service.go:161.27,162.47 1 0
messenger/internal/services/attachment_service.go:162.47,164.4 1 0
messenger/internal/services/auth_service.go:22.87,27.2 1 0
messenger/internal/services/auth_service.go:30.92,32.16 2 0
messenger/internal/services/auth_service.go:32.16,34.3 1 0
messenger/internal/services/auth_service.go:37.2,43.53 2 0
messenger/internal/services/auth_service.go:43.53,44.92 1 0
messenger/internal/services/auth_service.go:44.92,46.4 1 0
messenger/internal/services/auth_service.go:47.3,47.54 1 0
messenger/internal/services/auth_service.go:50.2,50.12 1 0
messenger/internal/services/auth_service.go:54.99,57.16 2 0
messenger/internal/services/auth_service.go:57.16,59.3 1 0
messenger/internal/services/auth_service.go:61.2,61.95 1 0
messenger/internal/services/auth_service.go:61.95,63.3 1 0
messenger/internal/services/auth_service.go:65.2,65.18 1 0
messenger/internal/services/auth_service.go:69.91,71.16 2 0
messenger/internal/services/auth_service.go:71.16,73.3 1 0
messenger/internal/services/auth_service.go:74.2,74.18 1 0
messenger/internal/services/chat_service.go:42.16,53.2 1 0
messenger/internal/services/chat_service.go:56.100,57.24 1 0
messenger/internal/services/chat_service.go:57.24,59.3 1 0
messenger/internal/services/chat_service.go:62.2,62.23 1 0
messenger/internal/services/chat_service.go:62.23,64.3 1 0
messenger/internal/services/chat_service.go:67.2,68.16 2 0
messenger/internal/services/chat_service.go:68.16,70.3 1 0
messenger/internal/services/chat_service.go:71.2,71.45 1 0
messenger/internal/services/chat_service.go:71.45,73.3 1 0
messenger/internal/services/chat_service.go:75.2,80.53 2 0
messenger/internal/services/chat_service.go:80.53,82.44 1 0
messenger/internal/services/chat_service.go:82.44,84.23 2 0
messenger/internal/services/chat_service.go:84.23,86.5 1 0
messenger/internal/services/chat_service.go:87.4,87.84 1 0
messenger/internal/services/chat_service.go:89.3,89.49 1 0
messenger/internal/services/chat_service.go:91.2,91.18 1 0
messenger/internal/services/chat_service.go:96.175,99.16 2 0
messenger/internal/services/chat_service.go:99.16,101.3 1 0
messenger/internal/services/chat_service.go:103.2,106.66 2 0
messenger/internal/services/chat_service.go:106.66,113.77 4 0
messenger/internal/services/chat_service.go:113.77,115.4 1 0
messenger/internal/services/chat_service.go:118.3,119.17 2 0
messenger/internal/services/chat_service.go:119.17,121.4 1 0
messenger/internal/services/chat_service.go:124.3,132.58 2 0
messenger/internal/services/chat_service.go:132.58,134.4 1 0
messenger/internal/services/chat_service.go:137.3,137.120 1 0
messenger/internal/services/chat_service.go:137.120,139.4 1 0
messenger/internal/services/chat_service.go:142.3,142.118 1 0
messenger/internal/services/chat_service.go:142.118,144.4 1 0
messenger/internal/services/chat_service.go:146.3,146.13 1 0
messenger/internal/services/chat_service.go:149.2,149.16 1 0
messenger/internal/services/chat_service.go:149.16,151.3 1 0
messenger/internal/services/chat_service.go:154.2,157.21 3 0
messenger/internal/services/chat_service.go:161.123,163.16 2 0
messenger/internal/services/chat_service.go:163.16,165.3 1 0
messenger/internal/services/chat_service.go:167.2,167.18 1 0
messenger/internal/services/chat_service.go:167.18,169.17 2 0
messenger/internal/services/chat_service.go:169.17,171.4 1 0
messenger/internal/services/chat_service.go:172.3,172.13 1 0
messenger/internal/services/chat_service.go:175.2,175.27 1 0
messenger/internal/services/chat_service.go:175.27,177.3 1 0
messenger/internal/services/chat_service.go:179.2,179.12 1 0
messenger/internal/services/chat_service.go:183.143,184.20 1 0
messenger/internal/services/chat_service.go:184.20,186.3 1 0
messenger/internal/services/chat_service.go:188.2,189.40 2 0
messenger/internal/services/chat_service.go:189.40,191.3 1 0
messenger/internal/services/chat_service.go:193.2,193.24 1 0
messenger/internal/services/chat_service.go:197.177,198.25 1 0
messenger/internal/services/chat_service.go:198.25,200.3 1 0
messenger/internal/services/chat_service.go:202.2,208.58 2 0
messenger/internal/services/chat_service.go:208.58,211.45 1 0
messenger/internal/services/chat_service.go:211.45,213.4 1 0
messenger/internal/services/chat_service.go:216.2,216.12 1 0
messenger/internal/services/chat_service.go:219.95,221.16 2 0
messenger/internal/services/chat_service.go:221.16,223.3 1 0
messenger/internal/services/chat_service.go:224.2,225.22 2 0
messenger/internal/services/chat_service.go:229.112,231.16 2 0
messenger/internal/services/chat_service.go:231.16,233.3 1 0
messenger/internal/services/chat_service.go:234.2,235.22 2 0
messenger/internal/services/chat_service.go:239.104,241.16 2 0
messenger/internal/services/chat_service.go:241.16,243.3 1 0
messenger/internal/services/chat_service.go:244.2,244.24 1 0
messenger/internal/services/chat_service.go:244.24,246.3 1 0
messenger/internal/services/chat_service.go:247.2,248.26 2 0
messenger/internal/services/chat_service.go:253.112,255.16 2 0
messenger/internal/services/chat_service.go:255.16,257.3 1 0
messenger/internal/services/chat_service.go:259.2,260.16 2 0
messenger/internal/services/chat_service.go:260.16,262.3 1 0
messenger/internal/services/chat_service.go:263.2,263.19 1 0
messenger/internal/services/chat_service.go:266.88,268.16 2 0
messenger/internal/services/chat_service.go:268.16,270.3 1 0
messenger/internal/services/chat_service.go:271.2,271.18 1 0
messenger/internal/services/chat_service.go:275.93,277.16 2 0
messenger/internal/services/chat_service.go:277.16,279.3 1 0
messenger/internal/services/chat_service.go:280.2,280.18 1 0
messenger/internal/services/chat_service.go:284.102,287.16 2 0
messenger/internal/services/chat_service.go:287.16,289.3 1 0
messenger/internal/services/chat_service.go:292.2,292.30 1 0
messenger/internal/services/chat_service.go:292.30,294.3 1 0
messenger/internal/services/chat_service.go:297.2,297.23 1 0
messenger/internal/services/chat_service.go:297.23,299.3 1 0
messenger/internal/services/chat_service.go:302.2,302.43 1 0
messenger/internal/services/chat_service.go:302.43,304.3 1 0
messenger/internal/services/chat_service.go:307.2,308.16 2 0
messenger/internal/services/chat_service.go:308.16,310.3 1 0
messenger/internal/services/chat_service.go:312.2,312.87 1 0
messenger/internal/services/chat_service.go:312.87,314.3 1 0
messenger/internal/services/chat_service.go:316.2,316.12 1 0
messenger/internal/services/chat_service.go:320.88,323.16 2 0
messenger/internal/services/chat_service.go:323.16,325.3 1 0
messenger/internal/services/chat_service.go:328.2,328.30 1 0
messenger/internal/services/chat_service.go:328.30,330.3 1 0
messenger/internal/services/chat_service.go:333.2,333.23 1 0
messenger/internal/services/chat_service.go:333.23,335.3 1 0
messenger/internal/services/chat_service.go:337.2,337.72 1 0
messenger/internal/services/chat_service.go:337.72,339.3 1 0
messenger/internal/services/chat_service.go:341.2,341.12 1 0
messenger/internal/services/chat_service.go:346.81,348.16 2 0
messenger/internal/services/chat_service.go:348.16,350.3 1 0
messenger/internal/services/chat_service.go:352.2,352.67 1 0
messenger/internal/services/chat_service.go:352.67,354.3 1 0
messenger/internal/services/chat_service.go:356.2,357.16 2 0
messenger/internal/services/chat_service.go:357.16,359.3 1 0
messenger/internal/services/chat_service.go:360.2,361.12 2 0
messenger/internal/services/chat_service.go:366.82,368.16 2 0
messenger/internal/services/chat_service.go:368.16,370.3 1 0
messenger/internal/services/chat_service.go:371.2,371.18 1 0
messenger/internal/services/chat_service.go:371.18,373.3 1 0
messenger/internal/services/chat_service.go:374.2,374.27 1 0
messenger/internal/services/chat_service.go:374.27,376.3 1 0
messenger/internal/services/chat_service.go:378.2,379.16 2 0
messenger/internal/services/chat_service.go:379.16,381.3 1 0
messenger/internal/services/chat_service.go:382.2,383.12 2 0
messenger/internal/services/chat_service.go:387.117,388.18 1 0
messenger/internal/services/chat_service.go:388.18,390.17 2 0
messenger/internal/services/chat_service.go:390.17,392.4 1 0
messenger/internal/services/chat_service.go:393.3,393.35 1 0
messenger/internal/services/chat_service.go:393.35,395.4 1 0
messenger/internal/services/chat_service.go:396.3,396.13 1 0
messenger/internal/services/chat_service.go:398.2,398.27 1 0
messenger/internal/services/chat_service.go:398.27,400.3 1 0
messenger/internal/services/chat_service.go:401.2,401.12 1 0
messenger/internal/services/chat_service.go:405.165,407.16 2 0
messenger/internal/services/chat_service.go:407.16,409.3 1 0
messenger/internal/services/chat_service.go:411.2,413.66 2 0
messenger/internal/services/chat_service.go:413.66,418.77 4 0
messenger/internal/services/chat_service.go:418.77,420.4 1 0
messenger/internal/services/chat_service.go:422.3,423.17 2 0
messenger/internal/services/chat_service.go:423.17,425.4 1 0
messenger/internal/services/chat_service.go:427.3,436.58 2 0
messenger/internal/services/chat_service.go:436.58,438.4 1 0
messenger/internal/services/chat_service.go:440.3,440.120 1 0
messenger/internal/services/chat_service.go:440.120,442.4 1 0
messenger/internal/services/chat_service.go:444.3,444.46 1 0
messenger/internal/services/chat_service.go:444.46,445.105 1 0
messenger/internal/services/chat_service.go:445.105,447.5 1 0
messenger/internal/services/chat_service.go:450.3,450.13 1 0
messenger/internal/services/chat_service.go:453.2,453.16 1 0
messenger/internal/services/chat_service.go:453.16,455.3 1 0
messenger/internal/services/chat_service.go:457.2,459.21 3 0
messenger/internal/services/chat_service.go:464.103,469.56 2 0
messenger/internal/services/chat_service.go:469.56,471.3 1 0
messenger/internal/services/chat_service.go:473.2,473.67 1 0
messenger/internal/services/chat_service.go:473.67,475.106 1 0
messenger/internal/services/chat_service.go:475.106,477.4 1 0
messenger/internal/services/chat_service.go:479.3,479.106 1 0
messenger/internal/services/chat_service.go:479.106,481.4 1 0
messenger/internal/services/chat_service.go:483.3,483.149 1 0
messenger/internal/services/chat_service.go:483.149,485.4 1 0
messenger/internal/services/chat_service.go:487.3,487.143 1 0
messenger/internal/services/chat_service.go:487.143,489.4 1 0
messenger/internal/services/chat_service.go:491.3,491.100 1 0
messenger/internal/services/chat_service.go:491.100,493.4 1 0
messenger/internal/services/chat_service.go:494.3,494.13 1 0
messenger/internal/services/chat_service.go:497.2,497.25 1 0
messenger/internal/services/chat_service.go:501.85,503.16 2 0
messenger/internal/services/chat_service.go:503.16,505.3 1 0
messenger/internal/services/chat_service.go:508.2,508.94 1 0
messenger/internal/services/chat_service.go:508.94,510.3 1 0
messenger/internal/services/chat_service.go:512.2,512.25 1 0
messenger/internal/services/chat_service.go:516.57,517.27 1 0
messenger/internal/services/chat_service.go:517.27,518.51 1 0
messenger/internal/services/chat_service.go:518.51,520.4 1 0
messenger/internal/services/chat_service.go:525.114,527.16 2 0
messenger/internal/services/chat_service.go:527.16,529.3 1 0
messenger/internal/services/chat_service.go:530.2,530.28 1 0
messenger/internal/services/chat_service.go:534.86,535.78 1 0
messenger/internal/services/chat_service.go:535.78,537.3 1 0
messenger/internal/services/chat_service.go:538.2,538.12 1 0
messenger/internal/services/chat_service.go:542.83,543.70 1 0
messenger/internal/services/chat_service.go:543.70,545.3 1 0
messenger/internal/services/chat_service.go:546.2,546.12 1 0
messenger/internal/services/chat_service.go:550.97,552.16 2 0
messenger/internal/services/chat_service.go:552.16,554.3 1 0
messenger/internal/services/chat_service.go:555.2,555.20 1 0
messenger/internal/services/chat_service.go:559.66,560.26 1 0
messenger/internal/services/chat_service.go:560.26,561.79 1 0
messenger/internal/services/chat_service.go:561.79,562.91 1 0
messenger/internal/services/chat_service.go:562.91,564.5 1 0
messenger/internal/services/chat_service.go:564.10,566.5 1 0
messenger/internal/services/chat_service.go:567.4,567.23 1 0
messenger/internal/services/chat_service.go:569.3,569.99 1 0
messenger/internal/services/chat_service.go:569.99,570.107 1 0
messenger/internal/services/chat_service.go:570.107,572.5 1 0
messenger/internal/services/chat_service.go:572.10,574.5 1 0
messenger/internal/services/chat_service.go:575.4,575.31 1 0
messenger/internal/services/contact_service.go:33.99,38.2 1 0
messenger/internal/services/contact_service.go:41.92,42.29 1 0
messenger/internal/services/contact_service.go:42.29,44.3 1 0
messenger/internal/services/contact_service.go:46.2,47.16 2 0
messenger/internal/services/contact_service.go:47.16,49.3 1 0
messenger/internal/services/contact_service.go:51.2,56.59 2 0
messenger/internal/services/contact_service.go:56.59,58.3 1 0
messenger/internal/services/contact_service.go:60.2,60.12 1 0
messenger/internal/services/contact_service.go:64.99,66.16 2 0
messenger/internal/services/contact_service.go:66.16,67.45 1 0
messenger/internal/services/contact_service.go:67.45,69.4 1 0
messenger/internal/services/contact_service.go:70.3,70.63 1 0
messenger/internal/services/contact_service.go:72.2,72.18 1 0
messenger/internal/services/contact_service.go:76.102,78.16 2 0
messenger/internal/services/contact_service.go:78.16,80.3 1 0
messenger/internal/services/contact_service.go:81.2,81.22 1 0
messenger/internal/services/contact_service.go:85.95,87.16 2 0
messenger/internal/services/contact_service.go:87.16,88.45 1 0
messenger/internal/services/contact_service.go:88.45,90.4 1 0
messenger/internal/services/contact_service.go:91.3,91.55 1 0
messenger/internal/services/contact_service.go:94.2,94.59 1 0
messenger/internal/services/contact_service.go:94.59,96.3 1 0
messenger/internal/services/contact_service.go:98.2,98.12 1 0
messenger/internal/services/file_validator.go:49.84,51.23 2 12
messenger/internal/services/file_validator.go:51.23,53.3 1 1
messenger/internal/services/file_validator.go:56.2,56.39 1 11
messenger/internal/services/file_validator.go:56.39,58.3 1 1
messenger/internal/services/file_validator.go:61.2,61.35 1 10
messenger/internal/services/file_validator.go:61.35,63.3 1 1
messenger/internal/services/file_validator.go:66.2,66.64 1 9
messenger/internal/services/file_validator.go:66.64,68.3 1 4
messenger/internal/services/file_validator.go:70.2,70.12 1 5
messenger/internal/services/file_validator.go:74.80,76.23 2 9
messenger/internal/services/file_validator.go:76.23,78.3 1 1
messenger/internal/services/file_validator.go:81.2,81.37 1 8
messenger/internal/services/file_validator.go:81.37,83.3 1 2
messenger/internal/services/file_validator.go:86.2,86.37 1 6
messenger/internal/services/file_validator.go:86.37,88.3 1 1
messenger/internal/services/file_validator.go:91.2,91.64 1 5
messenger/internal/services/file_validator.go:91.64,93.3 1 0
messenger/internal/services/file_validator.go:95.2,95.12 1 5
messenger/internal/services/file_validator.go:99.65,101.2 1 11
messenger/internal/services/file_validator.go:104.82,105.33 1 9
messenger/internal/services/file_validator.go:105.33,107.3 1 4
messenger/internal/services/file_validator.go:108.2,108.33 1 5
messenger/internal/services/file_validator.go:108.33,110.3 1 2
messenger/internal/services/file_validator.go:111.2,111.38 1 3
messenger/internal/services/file_validator.go:115.65,117.109 1 14
messenger/internal/services/file_validator.go:117.109,119.3 1 3
messenger/internal/services/file_validator.go:122.2,122.34 1 11
messenger/internal/services/file_validator.go:122.34,124.3 1 1
messenger/internal/services/file_validator.go:126.2,126.12 1 10
messenger/internal/services/group_service.go:49.17,61.2 1 0
messenger/internal/services/group_service.go:64.126,66.50 2 0
messenger/internal/services/group_service.go:66.50,68.3 1 0
messenger/internal/services/group_service.go:70.2,71.30 2 0
messenger/internal/services/group_service.go:71.30,73.3 1 0
messenger/internal/services/group_service.go:74.2,74.45 1 0
messenger/internal/services/group_service.go:74.45,76.3 1 0
messenger/internal/services/group_service.go:78.2,79.16 2 0
messenger/internal/services/group_service.go:79.16,81.3 1 0
messenger/internal/services/group_service.go:83.2,84.66 2 0
messenger/internal/services/group_service.go:84.66,87.3 2 0
messenger/internal/services/group_service.go:88.2,88.16 1 0
messenger/internal/services/group_service.go:88.16,90.3 1 0
messenger/internal/services/group_service.go:91.2,91.18 1 0
messenger/internal/services/group_service.go:95.165,105.51 5 0
messenger/internal/services/group_service.go:105.51,107.3 1 0
messenger/internal/services/group_service.go:109.2,113.17 1 0
messenger/internal/services/group_service.go:113.17,115.3 1 0
messenger/internal/services/group_service.go:117.2,117.37 1 0
messenger/internal/services/group_service.go:117.37,122.18 1 0
messenger/internal/services/group_service.go:122.18,124.4 1 0
messenger/internal/services/group_service.go:127.2,128.80 2 0
messenger/internal/services/group_service.go:128.80,130.3 1 0
messenger/internal/services/group_service.go:131.2,131.18 1 0
messenger/internal/services/group_service.go:135.84,136.79 1 0
messenger/internal/services/group_service.go:136.79,138.3 1 0
messenger/internal/services/group_service.go:141.2,142.16 2 0
messenger/internal/services/group_service.go:142.16,144.3 1 0
messenger/internal/services/group_service.go:146.2,146.54 1 0
messenger/internal/services/group_service.go:146.54,148.3 1 0
messenger/internal/services/group_service.go:151.2,152.12 2 0
messenger/internal/services/group_service.go:156.108,160.56 2 0
messenger/internal/services/group_service.go:160.56,162.3 1 0
messenger/internal/services/group_service.go:164.2,165.16 2 0
messenger/internal/services/group_service.go:165.16,167.3 1 0
messenger/internal/services/group_service.go:169.2,170.52 2 0
messenger/internal/services/group_service.go:170.52,172.3 1 0
messenger/internal/services/group_service.go:174.2,174.36 1 0
messenger/internal/services/group_service.go:178.79,179.67 1 0
messenger/internal/services/group_service.go:179.67,180.108 1 0
messenger/internal/services/group_service.go:180.108,182.4 1 0
messenger/internal/services/group_service.go:183.3,183.106 1 0
messenger/internal/services/group_service.go:183.106,185.4 1 0
messenger/internal/services/group_service.go:186.3,186.106 1 0
messenger/internal/services/group_service.go:186.106,188.4 1 0
messenger/internal/services/group_service.go:189.3,189.149 1 0
messenger/internal/services/group_service.go:189.149,191.4 1 0
messenger/internal/services/group_service.go:192.3,192.143 1 0
messenger/internal/services/group_service.go:192.143,194.4 1 0
messenger/internal/services/group_service.go:195.3,195.100 1 0
messenger/internal/services/group_service.go:195.100,197.4 1 0
messenger/internal/services/group_service.go:198.3,198.76 1 0
messenger/internal/services/group_service.go:198.76,200.4 1 0
messenger/internal/services/group_service.go:201.3,201.13 1 0
messenger/internal/services/group_service.go:206.76,207.27 1 0
messenger/internal/services/group_service.go:207.27,208.51 1 0
messenger/internal/services/group_service.go:208.51,210.4 1 0
messenger/internal/services/group_service.go:212.2,212.21 1 0
messenger/internal/services/group_service.go:212.21,213.57 1 0
messenger/internal/services/group_service.go:213.57,215.4 1 0
messenger/internal/services/group_service.go:220.112,221.61 1 0
messenger/internal/services/group_service.go:221.61,223.3 1 0
messenger/internal/services/group_service.go:225.2,226.16 2 0
messenger/internal/services/group_service.go:226.16,228.3 1 0
messenger/internal/services/group_service.go:230.2,231.16 2 0
messenger/internal/services/group_service.go:231.16,233.3 1 0
messenger/internal/services/group_service.go:235.2,236.55 2 0
messenger/internal/services/group_service.go:236.55,238.3 1 0
messenger/internal/services/group_service.go:240.2,241.66 2 0
messenger/internal/services/group_service.go:241.66,245.37 3 0
messenger/internal/services/group_service.go:245.37,247.21 2 0
messenger/internal/services/group_service.go:247.21,249.5 1 0
messenger/internal/services/group_service.go:250.4,250.14 1 0
messenger/internal/services/group_service.go:250.14,251.13 1 0
messenger/internal/services/group_service.go:253.4,254.73 2 0
messenger/internal/services/group_service.go:257.3,258.56 1 0
messenger/internal/services/group_service.go:260.2,260.16 1 0
messenger/internal/services/group_service.go:260.16,262.3 1 0
messenger/internal/services/group_service.go:263.2,263.22 1 0
messenger/internal/services/group_service.go:268.165,270.84 1 0
messenger/internal/services/group_service.go:270.84,272.3 1 0
messenger/internal/services/group_service.go:275.2,280.16 3 0
messenger/internal/services/group_service.go:280.16,285.24 2 0
messenger/internal/services/group_service.go:285.24,287.4 1 0
messenger/internal/services/group_service.go:288.3,288.19 1 0
messenger/internal/services/group_service.go:292.2,296.17 1 0
messenger/internal/services/group_service.go:296.17,298.3 1 0
messenger/internal/services/group_service.go:299.2,299.18 1 0
messenger/internal/services/group_service.go:303.152,305.16 2 0
messenger/internal/services/group_service.go:305.16,308.3 2 0
messenger/internal/services/group_service.go:309.2,310.79 2 0
messenger/internal/services/group_service.go:310.79,312.3 1 0
messenger/internal/services/group_service.go:316.100,317.61 1 0
messenger/internal/services/group_service.go:317.61,319.3 1 0
messenger/internal/services/group_service.go:322.2,323.16 2 0
messenger/internal/services/group_service.go:323.16,325.3 1 0
messenger/internal/services/group_service.go:326.2,326.35 1 0
messenger/internal/services/group_service.go:326.35,328.3 1 0
messenger/internal/services/group_service.go:331.2,331.48 1 0
messenger/internal/services/group_service.go:331.48,333.17 2 0
messenger/internal/services/group_service.go:333.17,335.4 1 0
messenger/internal/services/group_service.go:336.3,336.36 1 0
messenger/internal/services/group_service.go:336.36,338.4 1 0
messenger/internal/services/group_service.go:341.2,342.21 2 0
messenger/internal/services/group_service.go:342.21,344.3 1 0
messenger/internal/services/group_service.go:345.2,346.22 2 0
messenger/internal/services/group_service.go:346.22,348.3 1 0
messenger/internal/services/group_service.go:350.2,350.67 1 0
messenger/internal/services/group_service.go:350.67,354.75 3 0
messenger/internal/services/group_service.go:354.75,356.4 1 0
messenger/internal/services/group_service.go:359.3,360.54 1 0
messenger/internal/services/group_service.go:360.54,362.4 1 0
messenger/internal/services/group_service.go:364.3,365.19 2 0
messenger/internal/services/group_service.go:365.19,367.4 1 0
messenger/internal/services/group_service.go:368.3,369.20 2 0
messenger/internal/services/group_service.go:369.20,371.4 1 0
messenger/internal/services/group_service.go:372.3,373.64 2 0
messenger/internal/services/group_service.go:378.83,380.16 2 0
messenger/internal/services/group_service.go:380.16,382.3 1 0
messenger/internal/services/group_service.go:383.2,383.29 1 0
messenger/internal/services/group_service.go:383.29,385.3 1 0
messenger/internal/services/group_service.go:387.2,388.20 2 0
messenger/internal/services/group_service.go:388.20,390.3 1 0
messenger/internal/services/group_service.go:392.2,392.67 1 0
messenger/internal/services/group_service.go:392.67,396.69 3 0
messenger/internal/services/group_service.go:396.69,398.4 1 0
messenger/internal/services/group_service.go:401.3,402.54 1 0
messenger/internal/services/group_service.go:402.54,404.4 1 0
messenger/internal/services/group_service.go:406.3,407.18 2 0
messenger/internal/services/group_service.go:407.18,409.4 1 0
messenger/internal/services/group_service.go:410.3,411.64 2 0
messenger/internal/services/group_service.go:416.130,417.80 1 0
messenger/internal/services/group_service.go:417.80,419.3 1 0
messenger/internal/services/group_service.go:421.2,421.35 1 0
messenger/internal/services/group_service.go:421.35,423.3 1 0
messenger/internal/services/group_service.go:424.2,424.65 1 0
messenger/internal/services/group_service.go:424.65,426.3 1 0
messenger/internal/services/group_service.go:428.2,429.16 2 0
messenger/internal/services/group_service.go:429.16,431.3 1 0
messenger/internal/services/group_service.go:432.2,432.35 1 0
messenger/internal/services/group_service.go:432.35,434.3 1 0
messenger/internal/services/group_service.go:436.2,436.39 1 0
messenger/internal/services/group_service.go:436.39,438.3 1 0
messenger/internal/services/group_service.go:440.2,441.21 2 0
messenger/internal/services/group_service.go:441.21,443.3 1 0
messenger/internal/services/group_service.go:444.2,445.22 2 0
messenger/internal/services/group_service.go:445.22,447.3 1 0
messenger/internal/services/group_service.go:449.2,449.67 1 0
messenger/internal/services/group_service.go:449.67,453.88 3 0
messenger/internal/services/group_service.go:453.88,455.4 1 0
messenger/internal/services/group_service.go:457.3,458.19 2 0
messenger/internal/services/group_service.go:458.19,460.4 1 0
messenger/internal/services/group_service.go:461.3,462.20 2 0
messenger/internal/services/group_service.go:462.20,464.4 1 0
messenger/internal/services/group_service.go:466.3,467.34 2 0
messenger/internal/services/group_service.go:467.34,469.4 1 0
messenger/internal/services/group_service.go:469.9,471.4 1 0
messenger/internal/services/group_service.go:472.3,473.64 2 0
messenger/internal/services/group_service.go:478.102,479.61 1 0
messenger/internal/services/group_service.go:479.61,481.3 1 0
messenger/internal/services/group_service.go:483.2,484.50 2 0
messenger/internal/services/group_service.go:484.50,486.3 1 0
messenger/internal/services/group_service.go:488.2,488.67 1 0
messenger/internal/services/group_service.go:488.67,491.107 2 0
messenger/internal/services/group_service.go:491.107,493.4 1 0
messenger/internal/services/group_service.go:495.3,497.64 3 0
messenger/internal/services/group_service.go:502.135,503.61 1 0
messenger/internal/services/group_service.go:503.61,505.3 1 0
messenger/internal/services/group_service.go:507.2,507.63 1 0
messenger/internal/services/group_service.go:507.63,509.3 1 0
messenger/internal/services/group_service.go:511.2,512.16 2 0
messenger/internal/services/group_service.go:512.16,514.3 1 0
messenger/internal/services/group_service.go:515.2,515.15 1 0
messenger/internal/services/group_service.go:515.15,515.35 1 0
messenger/internal/services/group_service.go:517.2,521.16 3 0
messenger/internal/services/group_service.go:521.16,523.3 1 0
messenger/internal/services/group_service.go:525.2,526.52 2 0
messenger/internal/services/group_service.go:526.52,528.3 1 0
messenger/internal/services/group_service.go:530.2,531.16 2 0
messenger/internal/services/group_service.go:531.16,533.3 1 0
messenger/internal/services/group_service.go:535.2,536.130 2 0
messenger/internal/services/group_service.go:536.130,537.66 1 0
messenger/internal/services/group_service.go:537.66,539.4 1 0
messenger/internal/services/group_service.go:540.3,540.56 1 0
messenger/internal/services/group_service.go:543.2,543.18 1 0
messenger/internal/services/group_service.go:543.18,544.54 1 0
messenger/internal/services/group_service.go:544.54,546.4 1 0
messenger/internal/services/group_service.go:549.2,549.45 1 0
messenger/internal/services/group_service.go:553.91,554.61 1 0
messenger/internal/services/group_service.go:554.61,556.3 1 0
messenger/internal/services/group_service.go:558.2,559.16 2 0
messenger/internal/services/group_service.go:559.16,561.3 1 0
messenger/internal/services/group_service.go:562.2,562.52 1 0
messenger/internal/services/group_service.go:562.52,564.3 1 0
messenger/internal/services/group_service.go:566.2,566.62 1 0
messenger/internal/services/group_service.go:566.62,568.3 1 0
messenger/internal/services/group_service.go:570.2,570.108 1 0
messenger/internal/services/group_service.go:574.110,576.16 2 0
messenger/internal/services/group_service.go:576.16,578.3 1 0
messenger/internal/services/group_service.go:579.2,579.52 1 0
messenger/internal/services/group_service.go:579.52,581.3 1 0
messenger/internal/services/group_service.go:583.2,584.16 2 0
messenger/internal/services/group_service.go:584.16,586.3 1 0
messenger/internal/services/group_service.go:588.2,590.53 3 0
messenger/internal/services/group_service.go:590.53,592.3 1 0
messenger/internal/services/group_service.go:592.8,592.61 1 0
messenger/internal/services/group_service.go:592.61,594.3 1 0
messenger/internal/services/group_service.go:596.2,596.33 1 0
messenger/internal/services/group_service.go:600.108,602.2 1 0
messenger/internal/services/group_service.go:605.93,607.2 1 0
messenger/internal/services/group_service.go:610.94,612.16 2 0
messenger/internal/services/group_service.go:612.16,613.45 1 0
messenger/internal/services/group_service.go:613.45,615.4 1 0
messenger/internal/services/group_service.go:616.3,616.20 1 0
messenger/internal/services/group_service.go:618.2,618.18 1 0
messenger/internal/services/group_service.go:622.96,624.2 1 0
messenger/internal/services/group_service.go:628.85,630.16 2 0
messenger/internal/services/group_service.go:630.16,632.3 1 0
messenger/internal/services/group_service.go:633.2,633.18 1 0
messenger/internal/services/group_service.go:633.18,635.3 1 0
messenger/internal/services/group_service.go:636.2,636.12 1 0
messenger/internal/services/group_service.go:639.113,641.16 2 0
messenger/internal/services/group_service.go:641.16,643.3 1 0
messenger/internal/services/group_service.go:644.2,644.20 1 0
messenger/internal/services/group_service.go:644.20,646.3 1 0
messenger/internal/services/group_service.go:647.2,647.12 1 0
messenger/internal/services/group_service.go:652.118,659.53 2 0
messenger/internal/services/group_service.go:659.53,661.3 1 0
messenger/internal/services/group_service.go:662.2,662.12 1 0
messenger/internal/services/group_service.go:667.97,669.16 2 0
messenger/internal/services/group_service.go:669.16,671.3 1 0
messenger/internal/services/group_service.go:672.2,672.31 1 0
messenger/internal/services/group_service.go:676.56,679.25 3 0
messenger/internal/services/group_service.go:679.25,680.36 1 0
messenger/internal/services/group_service.go:680.36,681.12 1 0
messenger/internal/services/group_service.go:683.3,683.40 1 0
messenger/internal/services/group_service.go:683.40,684.12 1 0
messenger/internal/services/group_service.go:686.3,687.30 2 0
messenger/internal/services/group_service.go:689.2,689.15 1 0
messenger/internal/services/pin_service.go:41.15,52.2 1 0
messenger/internal/services/pin_service.go:56.117,58.16 2 0
messenger/internal/services/pin_service.go:58.16,60.3 1 0
messenger/internal/services/pin_service.go:62.2,62.64 1 0
messenger/internal/services/pin_service.go:62.64,64.3 1 0
messenger/internal/services/pin_service.go:66.2,67.16 2 0
messenger/internal/services/pin_service.go:67.16,69.3 1 0
messenger/internal/services/pin_service.go:70.2,70.26 1 0
messenger/internal/services/pin_service.go:70.26,72.3 1 0
messenger/internal/services/pin_service.go:73.2,73.19 1 0
messenger/internal/services/pin_service.go:73.19,75.3 1 0
messenger/internal/services/pin_service.go:77.2,78.16 2 0
messenger/internal/services/pin_service.go:78.16,80.3 1 0
messenger/internal/services/pin_service.go:81.2,81.13 1 0
messenger/internal/services/pin_service.go:81.13,83.3 1 0
messenger/internal/services/pin_service.go:85.2,86.16 2 0
messenger/internal/services/pin_service.go:86.16,88.3 1 0
messenger/internal/services/pin_service.go:89.2,89.31 1 0
messenger/internal/services/pin_service.go:89.31,91.3 1 0
messenger/internal/services/pin_service.go:93.2,99.66 2 0
messenger/internal/services/pin_service.go:99.66,103.53 3 0
messenger/internal/services/pin_service.go:103.53,105.4 1 0
messenger/internal/services/pin_service.go:107.3,109.64 3 0
messenger/internal/services/pin_service.go:111.2,111.16 1 0
messenger/internal/services/pin_service.go:111.16,113.3 1 0
messenger/internal/services/pin_service.go:115.2,115.17 1 0
messenger/internal/services/pin_service.go:120.94,122.16 2 0
messenger/internal/services/pin_service.go:122.16,124.3 1 0
messenger/internal/services/pin_service.go:126.2,126.64 1 0
messenger/internal/services/pin_service.go:126.64,128.3 1 0
messenger/internal/services/pin_service.go:130.2,131.16 2 0
messenger/internal/services/pin_service.go:131.16,133.3 1 0
messenger/internal/services/pin_service.go:134.2,134.13 1 0
messenger/internal/services/pin_service.go:134.13,136.3 1 0
messenger/internal/services/pin_service.go:138.2,138.67 1 0
messenger/internal/services/pin_service.go:138.67,142.67 3 0
messenger/internal/services/pin_service.go:142.67,144.4 1 0
messenger/internal/services/pin_service.go:146.3,148.64 3 0
messenger/internal/services/pin_service.go:153.114,155.16 2 0
messenger/internal/services/pin_service.go:155.16,157.3 1 0
messenger/internal/services/pin_service.go:159.2,159.61 1 0
messenger/internal/services/pin_service.go:159.61,161.3 1 0
messenger/internal/services/pin_service.go:163.2,164.16 2 0
messenger/internal/services/pin_service.go:164.16,166.3 1 0
messenger/internal/services/pin_service.go:169.2,169.22 1 0
messenger/internal/services/pin_service.go:169.22,171.55 2 0
messenger/internal/services/pin_service.go:171.55,172.81 1 0
messenger/internal/services/pin_service.go:172.81,174.5 1 0
messenger/internal/services/pin_service.go:174.10,176.5 1 0
messenger/internal/services/pin_service.go:177.4,177.15 1 0
messenger/internal/services/pin_service.go:181.2,181.18 1 0
messenger/internal/services/pin_service.go:185.100,186.18 1 0
messenger/internal/services/pin_service.go:186.18,188.17 2 0
messenger/internal/services/pin_service.go:188.17,190.4 1 0
messenger/internal/services/pin_service.go:191.3,191.19 1 0
messenger/internal/services/pin_service.go:191.19,193.4 1 0
messenger/internal/services/pin_service.go:194.3,194.13 1 0
messenger/internal/services/pin_service.go:196.2,196.27 1 0
messenger/internal/services/pin_service.go:196.27,198.3 1 0
messenger/internal/services/pin_service.go:199.2,199.12 1 0
messenger/internal/services/pin_service.go:203.97,204.18 1 0
messenger/internal/services/pin_service.go:204.18,205.86 1 0
messenger/internal/services/pin_service.go:205.86,207.4 1 0
messenger/internal/services/pin_service.go:208.3,208.13 1 0
messenger/internal/services/pin_service.go:210.2,210.27 1 0
messenger/internal/services/pin_service.go:210.27,212.3 1 0
messenger/internal/services/pin_service.go:213.2,213.12 1 0
messenger/internal/services/presence_service.go:31.62,43.2 3 9
messenger/internal/services/presence_service.go:46.91,50.2 3 2
messenger/internal/services/presence_service.go:53.55,58.13 4 62
messenger/internal/services/presence_service.go:58.13,66.25 2 12
messenger/internal/services/presence_service.go:66.25,68.4 1 2
messenger/internal/services/presence_service.go:69.3,69.9 1 12
messenger/internal/services/presence_service.go:73.2,79.38 5 50
messenger/internal/services/presence_service.go:79.38,81.3 1 0
messenger/internal/services/presence_service.go:85.58,90.13 4 57
messenger/internal/services/presence_service.go:90.13,92.3 1 1
messenger/internal/services/presence_service.go:94.2,98.27 3 56
messenger/internal/services/presence_service.go:98.27,103.25 3 48
messenger/internal/services/presence_service.go:103.25,105.4 1 1
messenger/internal/services/presence_service.go:110.56,114.48 3 51
messenger/internal/services/presence_service.go:114.48,116.3 1 51
messenger/internal/services/presence_service.go:120.59,124.48 3 57
messenger/internal/services/presence_service.go:124.48,126.3 1 55
messenger/internal/services/presence_service.go:127.2,127.14 1 2
messenger/internal/services/presence_service.go:131.67,135.48 3 54
messenger/internal/services/presence_service.go:135.48,143.3 1 53
messenger/internal/services/presence_service.go:144.2,148.3 1 1
messenger/internal/services/presence_service.go:153.51,159.6 4 9
messenger/internal/services/presence_service.go:159.6,160.10 1 9
messenger/internal/services/presence_service.go:161.22,163.10 2 9
messenger/internal/services/presence_service.go:164.19,168.41 3 0
messenger/internal/services/presence_service.go:168.41,172.68 1 0
messenger/internal/services/presence_service.go:172.68,177.28 3 0
messenger/internal/services/presence_service.go:177.28,179.7 1 0
messenger/internal/services/presence_service.go:184.5,184.65 1 0
messenger/internal/services/presence_service.go:184.65,186.6 1 0
messenger/internal/services/presence_service.go:189.4,189.18 1 0
messenger/internal/services/presence_service.go:195.64,198.9 2 9
messenger/internal/services/presence_service.go:199.21,201.13 2 9
messenger/internal/services/presence_service.go:202.20,203.64 1 0
messenger/internal/services/push_notification_service.go:41.28,43.14 2 0
messenger/internal/services/push_notification_service.go:43.14,45.3 1 0
messenger/internal/services/push_notification_service.go:46.2,53.3 1 0
messenger/internal/services/push_notification_service.go:57.52,59.2 1 0
messenger/internal/services/push_notification_service.go:62.62,64.2 1 0
messenger/internal/services/push_notification_service.go:71.116,74.16 2 0
messenger/internal/services/push_notification_service.go:74.16,76.3 1 0
messenger/internal/services/push_notification_service.go:77.2,77.38 1 0
messenger/internal/services/push_notification_service.go:77.38,79.3 1 0
messenger/internal/services/push_notification_service.go:81.2,87.39 2 0
messenger/internal/services/push_notification_service.go:91.104,93.2 1 0
messenger/internal/services/push_notification_service.go:96.100,98.2 1 0
messenger/internal/services/push_notification_service.go:101.122,102.16 1 0
messenger/internal/services/push_notification_service.go:102.16,105.3 2 0
messenger/internal/services/push_notification_service.go:107.2,108.16 2 0
messenger/internal/services/push_notification_service.go:108.16,110.3 1 0
messenger/internal/services/push_notification_service.go:112.2,112.20 1 0
messenger/internal/services/push_notification_service.go:112.20,117.3 2 0
messenger/internal/services/push_notification_service.go:119.2,125.16 3 0
messenger/internal/services/push_notification_service.go:125.16,127.3 1 0
messenger/internal/services/push_notification_service.go:130.2,131.27 2 0
messenger/internal/services/push_notification_service.go:131.27,133.3 1 0
messenger/internal/services/push_notification_service.go:135.2,135.12 1 0
messenger/internal/services/push_notification_service.go:139.120,155.16 3 0
messenger/internal/services/push_notification_service.go:155.16,162.3 2 0
messenger/internal/services/push_notification_service.go:163.2,165.25 2 0
messenger/internal/services/push_notification_service.go:166.41,169.4 1 0
messenger/internal/services/push_notification_service.go:170.23,175.81 2 0
messenger/internal/services/push_notification_service.go:175.81,177.4 1 0
messenger/internal/services/push_notification_service.go:178.27,180.81 2 0
messenger/internal/services/push_notification_service.go:180.81,182.4 1 0
messenger/internal/services/push_notification_service.go:183.10,187.4 1 0
messenger/internal/services/user_service.go:31.16,38.2 1 0
messenger/internal/services/user_service.go:41.120,43.63 1 0
messenger/internal/services/user_service.go:43.63,45.3 1 0
messenger/internal/services/user_service.go:48.2,49.16 2 0
messenger/internal/services/user_service.go:49.16,51.3 1 0
messenger/internal/services/user_service.go:52.2,52.15 1 0
messenger/internal/services/user_service.go:52.15,52.35 1 0
messenger/internal/services/user_service.go:55.2,59.16 3 0
messenger/internal/services/user_service.go:59.16,61.3 1 0
messenger/internal/services/user_service.go:63.2,64.52 2 0
messenger/internal/services/user_service.go:64.52,69.3 1 0
messenger/internal/services/user_service.go:72.2,78.16 2 0
messenger/internal/services/user_service.go:78.16,80.3 1 0
messenger/internal/services/user_service.go:83.2,86.73 2 0
messenger/internal/services/user_service.go:86.73,88.62 1 0
messenger/internal/services/user_service.go:88.62,90.4 1 0
messenger/internal/services/user_service.go:91.3,91.65 1 0
messenger/internal/services/user_service.go:95.2,95.24 1 0
messenger/internal/services/user_service.go:95.24,96.56 1 0
messenger/internal/services/user_service.go:96.56,98.4 1 0
messenger/internal/services/user_service.go:102.2,102.41 1 0
messenger/internal/services/user_service.go:106.76,108.16 2 0
messenger/internal/services/user_service.go:108.16,110.3 1 0
messenger/internal/services/user_service.go:112.2,112.52 1 0
messenger/internal/services/user_service.go:112.52,114.3 1 0
messenger/internal/services/user_service.go:117.2,120.53 2 0
messenger/internal/services/user_service.go:120.53,123.3 1 0
messenger/internal/services/user_service.go:126.2,126.66 1 0
messenger/internal/services/user_service.go:126.66,128.3 1 0
messenger/internal/services/user_service.go:130.2,130.12 1 0
messenger/internal/services/user_service.go:134.104,136.16 2 0
messenger/internal/services/user_service.go:136.16,138.3 1 0
messenger/internal/services/user_service.go:140.2,140.52 1 0
messenger/internal/services/user_service.go:140.52,142.3 1 0
messenger/internal/services/user_service.go:144.2,146.16 3 0
messenger/internal/services/user_service.go:146.16,148.3 1 0
messenger/internal/services/user_service.go:151.2,152.60 2 0
messenger/internal/services/user_service.go:152.60,154.3 1 0
messenger/internal/services/user_service.go:154.8,154.68 1 0
messenger/internal/services/user_service.go:154.68,156.3 1 0
messenger/internal/services/user_service.go:158.2,158.33 1 0
messenger/internal/services/user_service.go:162.91,164.16 2 0
messenger/internal/services/user_service.go:164.16,166.3 1 0
messenger/internal/services/user_service.go:167.2,167.18 1 0
messenger/internal/services/user_service.go:171.98,174.16 2 0
messenger/internal/services/user_service.go:174.16,176.3 1 0
messenger/internal/services/user_service.go:177.2,177.18 1 0
messenger/internal/services/user_service.go:181.94,183.16 2 0
messenger/internal/services/user_service.go:183.16,185.3 1 0
messenger/internal/services/user_service.go:186.2,186.19 1 0
messenger/internal/services/user_service.go:190.90,192.37 2 0
messenger/internal/services/user_service.go:192.37,194.3 1 0
messenger/internal/services/user_service.go:195.2,195.49 1 0
messenger/internal/services/user_service.go:199.63,200.42 1 0
messenger/internal/services/user_service.go:200.42,202.3 1 0
messenger/internal/services/user_service.go:205.2,206.77 2 0
messenger/internal/services/user_service.go:206.77,209.3 1 0
messenger/internal/services/user_service.go:212.2,213.13 2 0
messenger/internal/services/user_service.go:217.63,218.67 1 0
messenger/internal/services/user_service.go:218.67,220.3 1 0
messenger/internal/services/user_service.go:222.2,223.23 2 0
messenger/internal/services/user_service.go:229.43,231.79 1 0
messenger/internal/services/user_service.go:231.79,233.3 1 0
messenger/internal/services/user_service.go:236.2,237.57 2 0
messenger/internal/services/user_service.go:237.57,239.3 1 0
messenger/internal/services/user_service.go:243.2,243.74 1 0
messenger/internal/services/user_service.go:243.74,244.51 1 0
messenger/internal/services/user_service.go:244.51,246.4 1 0
messenger/internal/services/user_service.go:250.2,251.21 2 0
messenger/internal/services/user_service.go:251.21,253.3 1 0
messenger/internal/services/user_service.go:255.2,255.12 1 0
messenger/internal/handlers/attachment.go:31.22,39.2 1 0
messenger/internal/handlers/attachment.go:42.63,44.9 2 0
messenger/internal/handlers/attachment.go:44.9,46.3 1 0
messenger/internal/handlers/attachment.go:48.2,49.16 2 0
messenger/internal/handlers/attachment.go:49.16,52.3 2 0
messenger/internal/handlers/attachment.go:54.2,55.16 2 0
messenger/internal/handlers/attachment.go:55.16,58.3 2 0
messenger/internal/handlers/attachment.go:61.2,61.66 1 0
messenger/internal/handlers/attachment.go:61.66,63.3 1 0
messenger/internal/handlers/attachment.go:66.2,66.92 1 0
messenger/internal/handlers/attachment.go:66.92,69.3 2 0
messenger/internal/handlers/attachment.go:71.2,74.21 3 0
messenger/internal/handlers/attachment.go:74.21,77.3 2 0
messenger/internal/handlers/attachment.go:79.2,79.43 1 0
messenger/internal/handlers/attachment.go:79.43,82.3 2 0
messenger/internal/handlers/attachment.go:85.2,86.16 2 0
messenger/internal/handlers/attachment.go:86.16,87.10 1 0
messenger/internal/handlers/attachment.go:88.52,89.40 1 0
messenger/internal/handlers/attachment.go:90.52,91.37 1 0
messenger/internal/handlers/attachment.go:92.11,93.56 1 0
messenger/internal/handlers/attachment.go:95.3,95.9 1 0
messenger/internal/handlers/attachment.go:99.2,100.24 2 0
messenger/internal/handlers/attachment.go:100.24,102.3 1 0
messenger/internal/handlers/attachment.go:104.2,107.4 1 0
messenger/internal/handlers/attachment.go:111.64,113.9 2 0
messenger/internal/handlers/attachment.go:113.9,115.3 1 0
messenger/internal/handlers/attachment.go:117.2,118.16 2 0
messenger/internal/handlers/attachment.go:118.16,121.3 2 0
messenger/internal/handlers/attachment.go:123.2,124.16 2 0
messenger/internal/handlers/attachment.go:124.16,127.3 2 0
messenger/internal/handlers/attachment.go:130.2,130.31 1 0
messenger/internal/handlers/attachment.go:130.31,133.3 2 0
messenger/internal/handlers/attachment.go:135.2,135.85 1 0
messenger/internal/handlers/attachment.go:135.85,137.3 1 0
messenger/internal/handlers/attachment.go:139.2,140.44 2 0
messenger/internal/handlers/attachment.go:144.62,146.9 2 0
messenger/internal/handlers/attachment.go:146.9,148.3 1 0
messenger/internal/handlers/attachment.go:150.2,151.16 2 0
messenger/internal/handlers/attachment.go:151.16,154.3 2 0
messenger/internal/handlers/attachment.go:156.2,156.104 1 0
messenger/internal/handlers/attachment.go:156.104,157.10 1 0
messenger/internal/handlers/attachment.go:158.55,159.43 1 0
messenger/internal/handlers/attachment.go:160.52,161.37 1 0
messenger/internal/handlers/attachment.go:162.11,163.55 1 0
messenger/internal/handlers/attachment.go:165.3,165.9 1 0
messenger/internal/handlers/attachment.go:168.2,168.40 1 0
messenger/internal/handlers/attachment.go:173.93,175.16 2 0
messenger/internal/handlers/attachment.go:175.16,178.3 2 0
messenger/internal/handlers/attachment.go:180.2,180.18 1 0
messenger/internal/handlers/attachment.go:180.18,181.31 1 0
messenger/internal/handlers/attachment.go:181.31,184.4 2 0
messenger/internal/handlers/attachment.go:185.3,185.103 1 0
messenger/internal/handlers/attachment.go:185.103,188.4 2 0
messenger/internal/handlers/attachment.go:189.8,189.34 1 0
messenger/internal/handlers/attachment.go:189.34,192.3 2 0
messenger/internal/handlers/attachment.go:194.2,194.12 1 0
messenger/internal/handlers/attachment.go:198.104,200.34 2 0
messenger/internal/handlers/attachment.go:200.34,202.3 1 0
messenger/internal/handlers/attachment.go:203.2,203.15 1 0
messenger/internal/handlers/attachment.go:207.100,209.29 2 0
messenger/internal/handlers/attachment.go:209.29,211.3 1 0
messenger/internal/handlers/attachment.go:212.2,212.15 1 0
messenger/internal/handlers/attachment.go:216.84,225.2 1 0
messenger/internal/handlers/auth.go:26.119,28.2 1 0
messenger/internal/handlers/auth.go:31.54,32.23 1 0
messenger/internal/handlers/auth.go:32.23,34.3 1 0
messenger/internal/handlers/auth.go:35.2,35.39 1 0
messenger/internal/handlers/auth.go:35.39,37.3 1 0
messenger/internal/handlers/auth.go:38.2,38.12 1 0
messenger/internal/handlers/auth.go:42.36,44.44 2 0
messenger/internal/handlers/auth.go:44.44,46.3 1 0
messenger/internal/handlers/auth.go:47.2,47.39 1 0
messenger/internal/handlers/auth.go:51.64,54.16 3 0
messenger/internal/handlers/auth.go:54.16,56.3 1 0
messenger/internal/handlers/auth.go:58.2,67.37 2 0
messenger/internal/handlers/auth.go:71.51,78.47 2 0
messenger/internal/handlers/auth.go:78.47,82.43 3 0
messenger/internal/handlers/auth.go:82.43,84.4 1 0
messenger/internal/handlers/auth.go:84.9,84.50 1 0
messenger/internal/handlers/auth.go:84.50,86.4 1 0
messenger/internal/handlers/auth.go:86.9,86.46 1 0
messenger/internal/handlers/auth.go:86.46,88.4 1 0
messenger/internal/handlers/auth.go:89.3,90.9 2 0
messenger/internal/handlers/auth.go:94.2,94.63 1 0
messenger/internal/handlers/auth.go:94.63,97.3 2 0
messenger/internal/handlers/auth.go:100.2,101.46 2 0
messenger/internal/handlers/auth.go:101.46,104.3 2 0
messenger/internal/handlers/auth.go:106.2,109.23 2 0
messenger/internal/handlers/auth.go:109.23,112.3 2 0
messenger/internal/handlers/auth.go:113.2,114.29 2 0
messenger/internal/handlers/auth.go:114.29,115.48 1 0
messenger/internal/handlers/auth.go:115.48,117.9 2 0
messenger/internal/handlers/auth.go:120.2,120.22 1 0
messenger/internal/handlers/auth.go:120.22,123.3 2 0
messenger/internal/handlers/auth.go:125.2,126.16 2 0
messenger/internal/handlers/auth.go:126.16,127.48 1 0
messenger/internal/handlers/auth.go:127.48,129.4 1 0
messenger/internal/handlers/auth.go:129.9,131.4 1 0
messenger/internal/handlers/auth.go:132.3,132.9 1 0
messenger/internal/handlers/auth.go:136.2,137.21 2 0
messenger/internal/handlers/auth.go:137.21,140.3 2 0
messenger/internal/handlers/auth.go:142.2,143.16 2 0
messenger/internal/handlers/auth.go:143.16,146.3 2 0
messenger/internal/handlers/auth.go:148.2,153.4 1 0
messenger/internal/handlers/auth.go:157.48,163.47 2 0
messenger/internal/handlers/auth.go:163.47,166.3 2 0
messenger/internal/handlers/auth.go:168.2,169.16 2 0
messenger/internal/handlers/auth.go:169.16,172.3 2 0
messenger/internal/handlers/auth.go:174.2,175.16 2 0
messenger/internal/handlers/auth.go:175.16,178.3 2 0
messenger/internal/handlers/auth.go:180.2,185.4 1 0
messenger/internal/handlers/auth.go:189.49,193.2 1 0
messenger/internal/handlers/auth.go:196.54,198.9 2 0
messenger/internal/handlers/auth.go:198.9,200.3 1 0
messenger/internal/handlers/auth.go:202.2,203.16 2 0
messenger/internal/handlers/auth.go:203.16,206.3 2 0
messenger/internal/handlers/auth.go:209.2,216.4 2 0
messenger/internal/handlers/chat.go:25.100,27.2 1 0
messenger/internal/handlers/chat.go:30.66,32.2 1 0
messenger/internal/handlers/chat.go:39.16,45.2 1 0
messenger/internal/handlers/chat.go:69.87,71.31 2 0
messenger/internal/handlers/chat.go:71.31,73.20 2 0
messenger/internal/handlers/chat.go:73.20,75.4 1 0
messenger/internal/handlers/chat.go:77.3,78.39 2 0
messenger/internal/handlers/chat.go:78.39,87.4 1 0
messenger/internal/handlers/chat.go:89.3,100.5 1 0
messenger/internal/handlers/chat.go:102.2,102.15 1 0
messenger/internal/handlers/chat.go:106.81,107.27 1 0
messenger/internal/handlers/chat.go:107.27,109.3 1 0
messenger/internal/handlers/chat.go:110.2,111.16 2 0
messenger/internal/handlers/chat.go:111.16,113.3 1 0
messenger/internal/handlers/chat.go:114.2,114.21 1 0
messenger/internal/handlers/chat.go:118.68,119.52 1 0
messenger/internal/handlers/chat.go:119.52,121.3 1 0
messenger/internal/handlers/chat.go:122.2,122.12 1 0
messenger/internal/handlers/chat.go:126.81,127.27 1 0
messenger/internal/handlers/chat.go:127.27,129.3 1 0
messenger/internal/handlers/chat.go:130.2,131.16 2 0
messenger/internal/handlers/chat.go:131.16,133.3 1 0
messenger/internal/handlers/chat.go:134.2,134.17 1 0
messenger/internal/handlers/chat.go:138.144,149.2 1 0
messenger/internal/handlers/chat.go:153.83,154.27 1 0
messenger/internal/handlers/chat.go:154.27,157.3 2 0
messenger/internal/handlers/chat.go:158.2,159.16 2 0
messenger/internal/handlers/chat.go:159.16,162.3 2 0
messenger/internal/handlers/chat.go:163.2,163.14 1 0
messenger/internal/handlers/chat.go:163.14,166.3 2 0
messenger/internal/handlers/chat.go:167.2,167.12 1 0
messenger/internal/handlers/chat.go:171.93,172.18 1 0
messenger/internal/handlers/chat.go:172.18,174.3 1 0
messenger/internal/handlers/chat.go:175.2,175.27 1 0
messenger/internal/handlers/chat.go:175.27,178.3 2 0
messenger/internal/handlers/chat.go:179.2,179.12 1 0
messenger/internal/handlers/chat.go:183.67,184.34 1 0
messenger/internal/handlers/chat.go:184.34,186.3 1 0
messenger/internal/handlers/chat.go:188.2,188.23 1 0
messenger/internal/handlers/chat.go:188.23,190.3 1 0
messenger/internal/handlers/chat.go:192.2,193.60 2 0
messenger/internal/handlers/chat.go:193.60,195.3 1 0
messenger/internal/handlers/chat.go:197.2,197.13 1 0
messenger/internal/handlers/chat.go:201.51,203.9 2 0
messenger/internal/handlers/chat.go:203.9,205.3 1 0
messenger/internal/handlers/chat.go:207.2,208.16 2 0
messenger/internal/handlers/chat.go:208.16,211.3 2 0
messenger/internal/handlers/chat.go:213.2,214.16 2 0
messenger/internal/handlers/chat.go:214.16,217.3 2 0
messenger/internal/handlers/chat.go:220.2,220.59 1 0
messenger/internal/handlers/chat.go:220.59,222.3 1 0
messenger/internal/handlers/chat.go:224.2,225.16 2 0
messenger/internal/handlers/chat.go:225.16,228.3 2 0
messenger/internal/handlers/chat.go:230.2,230.18 1 0
messenger/internal/handlers/chat.go:230.18,239.3 2 0
messenger/internal/handlers/chat.go:241.2,247.4 2 0
messenger/internal/handlers/chat.go:251.52,253.9 2 0
messenger/internal/handlers/chat.go:253.9,255.3 1 0
messenger/internal/handlers/chat.go:257.2,258.16 2 0
messenger/internal/handlers/chat.go:258.16,261.3 2 0
messenger/internal/handlers/chat.go:263.2,264.16 2 0
messenger/internal/handlers/chat.go:264.16,266.3 1 0
messenger/internal/handlers/chat.go:268.2,269.29 2 0
messenger/internal/handlers/chat.go:269.29,273.19 3 0
messenger/internal/handlers/chat.go:273.19,275.4 1 0
messenger/internal/handlers/chat.go:275.9,289.4 3 0
messenger/internal/handlers/chat.go:292.2,292.39 1 0
messenger/internal/handlers/chat.go:296.53,298.9 2 0
messenger/internal/handlers/chat.go:298.9,300.3 1 0
messenger/internal/handlers/chat.go:302.2,307.47 2 0
messenger/internal/handlers/chat.go:307.47,310.3 2 0
messenger/internal/handlers/chat.go:312.2,313.9 2 0
messenger/internal/handlers/chat.go:314.28,315.33 1 0
messenger/internal/handlers/chat.go:316.31,318.17 2 0
messenger/internal/handlers/chat.go:318.17,321.4 2 0
messenger/internal/handlers/chat.go:322.3,322.30 1 0
messenger/internal/handlers/chat.go:323.10,325.9 2 0
messenger/internal/handlers/chat.go:328.2,328.28 1 0
messenger/internal/handlers/chat.go:328.28,331.3 2 0
messenger/internal/handlers/chat.go:333.2,333.26 1 0
messenger/internal/handlers/chat.go:333.26,334.89 1 0
messenger/internal/handlers/chat.go:334.89,337.4 2 0
messenger/internal/handlers/chat.go:340.2,341.16 2 0
messenger/internal/handlers/chat.go:341.16,344.3 2 0
messenger/internal/handlers/chat.go:346.2,351.4 1 0
messenger/internal/handlers/chat.go:357.152,359.9 2 0
messenger/internal/handlers/chat.go:359.9,361.3 1 0
messenger/internal/handlers/chat.go:363.2,364.16 2 0
messenger/internal/handlers/chat.go:364.16,367.3 2 0
messenger/internal/handlers/chat.go:370.2,371.16 2 0
messenger/internal/handlers/chat.go:371.16,374.3 2 0
messenger/internal/handlers/chat.go:376.2,376.59 1 0
messenger/internal/handlers/chat.go:376.59,378.3 1 0
messenger/internal/handlers/chat.go:381.2,381.26 1 0
messenger/internal/handlers/chat.go:381.26,383.3 1 0
messenger/internal/handlers/chat.go:385.2,385.68 1 0
messenger/internal/handlers/chat.go:385.68,387.81 2 0
messenger/internal/handlers/chat.go:387.81,389.4 1 0
messenger/internal/handlers/chat.go:389.9,391.4 1 0
messenger/internal/handlers/chat.go:392.3,392.9 1 0
messenger/internal/handlers/chat.go:395.2,395.46 1 0
messenger/internal/handlers/chat.go:399.52,401.2 1 0
messenger/internal/handlers/chat.go:404.53,406.2 1 0
messenger/internal/handlers/chat.go:409.58,411.9 2 0
messenger/internal/handlers/chat.go:411.9,413.3 1 0
messenger/internal/handlers/chat.go:415.2,416.16 2 0
messenger/internal/handlers/chat.go:416.16,419.3 2 0
messenger/internal/handlers/chat.go:421.2,422.16 2 0
messenger/internal/handlers/chat.go:422.16,425.3 2 0
messenger/internal/handlers/chat.go:428.2,428.59 1 0
messenger/internal/handlers/chat.go:428.59,430.3 1 0
messenger/internal/handlers/chat.go:432.2,433.16 2 0
messenger/internal/handlers/chat.go:433.16,436.3 2 0
messenger/internal/handlers/chat.go:438.2,440.4 1 0
messenger/internal/handlers/file.go:47.79,52.2 1 0
messenger/internal/handlers/file.go:55.49,57.9 2 0
messenger/internal/handlers/file.go:57.9,59.3 1 0
messenger/internal/handlers/file.go:61.2,62.20 2 0
messenger/internal/handlers/file.go:62.20,65.3 2 0
messenger/internal/handlers/file.go:68.2,68.51 1 0
messenger/internal/handlers/file.go:68.51,75.3 3 0
messenger/internal/handlers/file.go:78.2,79.16 2 0
messenger/internal/handlers/file.go:79.16,86.3 3 0
messenger/internal/handlers/file.go:87.2,87.15 1 0
messenger/internal/handlers/file.go:87.15,87.37 1 0
messenger/internal/handlers/file.go:90.2,98.53 5 0
messenger/internal/handlers/file.go:98.53,104.3 2 0
messenger/internal/handlers/file.go:108.46,110.38 1 9
messenger/internal/handlers/file.go:110.38,112.3 1 3
messenger/internal/handlers/file.go:113.2,113.38 1 6
messenger/internal/handlers/file.go:113.38,115.3 1 1
messenger/internal/handlers/file.go:116.2,116.30 1 5
messenger/internal/handlers/file.go:116.30,118.3 1 0
messenger/internal/handlers/file.go:121.2,122.25 2 5
messenger/internal/handlers/file.go:122.25,124.3 1 2
messenger/internal/handlers/file.go:126.2,126.12 1 3
messenger/internal/handlers/file.go:130.53,131.57 1 13
messenger/internal/handlers/file.go:131.57,133.3 1 10
messenger/internal/handlers/file.go:134.2,134.35 1 3
messenger/internal/handlers/group.go:35.17,41.2 1 0
messenger/internal/handlers/group.go:44.75,46.2 1 0
messenger/internal/handlers/group.go:50.55,52.9 2 0
messenger/internal/handlers/group.go:52.9,54.3 1 0
messenger/internal/handlers/group.go:56.2,60.47 2 0
messenger/internal/handlers/group.go:60.47,63.3 2 0
messenger/internal/handlers/group.go:65.2,66.16 2 0
messenger/internal/handlers/group.go:66.16,69.3 2 0
messenger/internal/handlers/group.go:72.2,80.4 2 0
messenger/internal/handlers/group.go:85.56,87.9 2 0
messenger/internal/handlers/group.go:87.9,89.3 1 0
messenger/internal/handlers/group.go:91.2,92.16 2 0
messenger/internal/handlers/group.go:92.16,95.3 2 0
messenger/internal/handlers/group.go:97.2,98.17 2 0
messenger/internal/handlers/group.go:98.17,101.3 2 0
messenger/internal/handlers/group.go:102.2,102.14 1 0
messenger/internal/handlers/group.go:102.14,105.3 2 0
messenger/internal/handlers/group.go:107.2,108.16 2 0
messenger/internal/handlers/group.go:108.16,111.3 2 0
messenger/internal/handlers/group.go:113.2,116.27 3 0
messenger/internal/handlers/group.go:116.27,118.3 1 0
messenger/internal/handlers/group.go:120.2,121.52 2 0
messenger/internal/handlers/group.go:121.52,123.3 1 0
messenger/internal/handlers/group.go:125.2,126.27 2 0
messenger/internal/handlers/group.go:126.27,128.3 1 0
messenger/internal/handlers/group.go:130.2,137.4 1 0
messenger/internal/handlers/group.go:142.59,144.9 2 0
messenger/internal/handlers/group.go:144.9,146.3 1 0
messenger/internal/handlers/group.go:148.2,149.16 2 0
messenger/internal/handlers/group.go:149.16,152.3 2 0
messenger/internal/handlers/group.go:154.2,157.47 2 0
messenger/internal/handlers/group.go:157.47,160.3 2 0
messenger/internal/handlers/group.go:162.2,162.102 1 0
messenger/internal/handlers/group.go:162.102,165.3 2 0
messenger/internal/handlers/group.go:167.2,167.27 1 0
messenger/internal/handlers/group.go:167.27,174.3 1 0
messenger/internal/handlers/group.go:176.2,176.51 1 0
messenger/internal/handlers/group.go:181.54,183.9 2 0
messenger/internal/handlers/group.go:183.9,185.3 1 0
messenger/internal/handlers/group.go:187.2,188.16 2 0
messenger/internal/handlers/group.go:188.16,191.3 2 0
messenger/internal/handlers/group.go:193.2,196.47 2 0
messenger/internal/handlers/group.go:196.47,199.3 2 0
messenger/internal/handlers/group.go:201.2,202.16 2 0
messenger/internal/handlers/group.go:202.16,205.3 2 0
messenger/internal/handlers/group.go:207.2,207.48 1 0
messenger/internal/handlers/group.go:207.48,210.31 2 0
messenger/internal/handlers/group.go:210.31,212.18 2 0
messenger/internal/handlers/group.go:212.18,213.13 1 0
messenger/internal/handlers/group.go:215.4,223.6 2 0
messenger/internal/handlers/group.go:225.3,230.5 1 0
messenger/internal/handlers/group.go:233.2,233.51 1 0
messenger/internal/handlers/group.go:238.56,240.9 2 0
messenger/internal/handlers/group.go:240.9,242.3 1 0
messenger/internal/handlers/group.go:244.2,245.16 2 0
messenger/internal/handlers/group.go:245.16,248.3 2 0
messenger/internal/handlers/group.go:250.2,251.16 2 0
messenger/internal/handlers/group.go:251.16,254.3 2 0
messenger/internal/handlers/group.go:257.2,257.27 1 0
messenger/internal/handlers/group.go:257.27,264.3 1 0
messenger/internal/handlers/group.go:266.2,266.103 1 0
messenger/internal/handlers/group.go:266.103,269.3 2 0
messenger/internal/handlers/group.go:271.2,271.52 1 0
messenger/internal/handlers/group.go:276.54,277.104 1 0
messenger/internal/handlers/group.go:277.104,279.3 1 0
messenger/internal/handlers/group.go:284.54,286.9 2 0
messenger/internal/handlers/group.go:286.9,288.3 1 0
messenger/internal/handlers/group.go:290.2,291.16 2 0
messenger/internal/handlers/group.go:291.16,294.3 2 0
messenger/internal/handlers/group.go:296.2,297.16 2 0
messenger/internal/handlers/group.go:297.16,300.3 2 0
messenger/internal/handlers/group.go:302.2,305.47 2 0
messenger/internal/handlers/group.go:305.47,308.3 2 0
messenger/internal/handlers/group.go:310.2,310.135 1 0
messenger/internal/handlers/group.go:310.135,313.3 2 0
messenger/internal/handlers/group.go:315.2,315.27 1 0
messenger/internal/handlers/group.go:315.27,323.3 1 0
messenger/internal/handlers/group.go:325.2,325.50 1 0
messenger/internal/handlers/group.go:330.55,331.106 1 0
messenger/internal/handlers/group.go:331.106,333.3 1 0
messenger/internal/handlers/group.go:337.134,339.9 2 0
messenger/internal/handlers/group.go:339.9,341.3 1 0
messenger/internal/handlers/group.go:343.2,344.16 2 0
messenger/internal/handlers/group.go:344.16,347.3 2 0
messenger/internal/handlers/group.go:350.2,352.37 3 0
messenger/internal/handlers/group.go:352.37,354.3 1 0
messenger/internal/handlers/group.go:355.2,355.27 1 0
messenger/internal/handlers/group.go:355.27,357.3 1 0
messenger/internal/handlers/group.go:359.2,359.50 1 0
messenger/internal/handlers/group.go:359.50,362.3 2 0
messenger/internal/handlers/group.go:364.2,364.46 1 0
messenger/internal/handlers/group.go:369.61,371.9 2 0
messenger/internal/handlers/group.go:371.9,373.3 1 0
messenger/internal/handlers/group.go:375.2,376.16 2 0
messenger/internal/handlers/group.go:376.16,379.3 2 0
messenger/internal/handlers/group.go:381.2,381.78 1 0
messenger/internal/handlers/group.go:381.78,384.3 2 0
messenger/internal/handlers/group.go:386.2,387.16 2 0
messenger/internal/handlers/group.go:387.16,390.3 2 0
messenger/internal/handlers/group.go:392.2,393.16 2 0
messenger/internal/handlers/group.go:393.16,396.3 2 0
messenger/internal/handlers/group.go:398.2,398.27 1 0
messenger/internal/handlers/group.go:398.27,405.3 1 0
messenger/internal/handlers/group.go:407.2,410.4 1 0
messenger/internal/handlers/group.go:415.61,417.9 2 0
messenger/internal/handlers/group.go:417.9,419.3 1 0
messenger/internal/handlers/group.go:421.2,422.16 2 0
messenger/internal/handlers/group.go:422.16,425.3 2 0
messenger/internal/handlers/group.go:427.2,427.94 1 0
messenger/internal/handlers/group.go:427.94,430.3 2 0
messenger/internal/handlers/group.go:432.2,432.27 1 0
messenger/internal/handlers/group.go:432.27,438.3 1 0
messenger/internal/handlers/group.go:440.2,440.52 1 0
messenger/internal/handlers/group.go:445.55,447.16 2 0
messenger/internal/handlers/group.go:447.16,450.3 2 0
messenger/internal/handlers/group.go:452.2,453.16 2 0
messenger/internal/handlers/group.go:453.16,456.3 2 0
messenger/internal/handlers/group.go:457.2,457.68 1 0
messenger/internal/handlers/group.go:461.87,463.16 2 0
messenger/internal/handlers/group.go:463.16,465.3 1 0
messenger/internal/handlers/group.go:467.2,468.33 2 0
messenger/internal/handlers/group.go:468.33,478.3 2 0
messenger/internal/handlers/group.go:479.2,479.16 1 0
messenger/internal/handlers/health.go:17.51,19.2 1 0
messenger/internal/handlers/health.go:29.51,38.16 3 0
messenger/internal/handlers/health.go:38.16,43.3 4 0
messenger/internal/handlers/health.go:45.2,45.37 1 0
messenger/internal/handlers/health.go:45.37,50.3 4 0
messenger/internal/handlers/health.go:52.2,53.33 2 0
messenger/internal/handlers/middleware.go:13.68,26.30 3 10
messenger/internal/handlers/middleware.go:26.30,32.24 4 19
messenger/internal/handlers/middleware.go:32.24,35.4 2 4
messenger/internal/handlers/middleware.go:38.3,38.41 1 15
messenger/internal/handlers/middleware.go:38.41,39.39 1 15
messenger/internal/handlers/middleware.go:39.39,42.5 2 2
messenger/internal/handlers/middleware.go:45.3,46.24 2 13
messenger/internal/handlers/middleware.go:46.24,53.4 3 5
messenger/internal/handlers/middleware.go:55.3,55.84 1 8
messenger/internal/handlers/middleware.go:55.84,56.59 1 7
messenger/internal/handlers/middleware.go:56.59,58.5 1 0
messenger/internal/handlers/middleware.go:59.4,59.22 1 7
messenger/internal/handlers/middleware.go:61.3,61.33 1 8
messenger/internal/handlers/middleware.go:61.33,68.4 3 3
messenger/internal/handlers/middleware.go:70.3,71.10 2 5
messenger/internal/handlers/middleware.go:71.10,74.4 2 0
messenger/internal/handlers/middleware.go:77.3,77.76 1 5
messenger/internal/handlers/middleware.go:77.76,81.4 3 1
messenger/internal/handlers/middleware.go:82.3,82.78 1 4
messenger/internal/handlers/middleware.go:82.78,86.4 3 1
messenger/internal/handlers/middleware.go:88.3,89.10 2 3
messenger/internal/handlers/middleware.go:89.10,92.4 2 1
messenger/internal/handlers/middleware.go:93.3,96.11 3 2
messenger/internal/handlers/middleware.go:101.41,103.2 1 11
messenger/internal/handlers/middleware.go:106.58,108.63 2 13
messenger/internal/handlers/middleware.go:108.63,110.3 1 8
messenger/internal/handlers/middleware.go:113.2,113.63 1 5
messenger/internal/handlers/middleware.go:113.63,114.45 1 2
messenger/internal/handlers/middleware.go:114.45,116.4 1 1
messenger/internal/handlers/middleware.go:119.2,119.11 1 4
messenger/internal/handlers/pin.go:30.94,35.2 1 0
messenger/internal/handlers/pin.go:38.92,40.2 1 0
messenger/internal/handlers/pin.go:44.52,46.9 2 0
messenger/internal/handlers/pin.go:46.9,48.3 1 0
messenger/internal/handlers/pin.go:50.2,51.16 2 0
messenger/internal/handlers/pin.go:51.16,54.3 2 0
messenger/internal/handlers/pin.go:56.2,57.16 2 0
messenger/internal/handlers/pin.go:57.16,60.3 2 0
messenger/internal/handlers/pin.go:62.2,63.16 2 0
messenger/internal/handlers/pin.go:63.16,66.3 2 0
messenger/internal/handlers/pin.go:68.2,68.25 1 0
messenger/internal/handlers/pin.go:68.25,70.3 1 0
messenger/internal/handlers/pin.go:72.2,78.4 1 0
messenger/internal/handlers/pin.go:83.54,85.9 2 0
messenger/internal/handlers/pin.go:85.9,87.3 1 0
messenger/internal/handlers/pin.go:89.2,90.16 2 0
messenger/internal/handlers/pin.go:90.16,93.3 2 0
messenger/internal/handlers/pin.go:95.2,96.16 2 0
messenger/internal/handlers/pin.go:96.16,99.3 2 0
messenger/internal/handlers/pin.go:101.2,101.98 1 0
messenger/internal/handlers/pin.go:101.98,104.3 2 0
messenger/internal/handlers/pin.go:106.2,106.25 1 0
messenger/internal/handlers/pin.go:106.25,108.3 1 0
messenger/internal/handlers/pin.go:110.2,110.54 1 0
messenger/internal/handlers/pin.go:115.59,117.9 2 0
messenger/internal/handlers/pin.go:117.9,119.3 1 0
messenger/internal/handlers/pin.go:121.2,122.16 2 0
messenger/internal/handlers/pin.go:122.16,125.3 2 0
messenger/internal/handlers/pin.go:127.2,128.16 2 0
messenger/internal/handlers/pin.go:128.16,130.17 2 0
messenger/internal/handlers/pin.go:131.27,132.28 1 0
messenger/internal/handlers/pin.go:133.27,134.27 1 0
messenger/internal/handlers/pin.go:135.11,136.58 1 0
messenger/internal/handlers/pin.go:138.3,138.9 1 0
messenger/internal/handlers/pin.go:141.2,142.27 2 0
messenger/internal/handlers/pin.go:142.27,145.20 3 0
messenger/internal/handlers/pin.go:145.20,147.4 1 0
messenger/internal/handlers/pin.go:149.3,150.39 2 0
messenger/internal/handlers/pin.go:150.39,159.4 1 0
messenger/internal/handlers/pin.go:161.3,179.5 1 0
messenger/internal/handlers/pin.go:182.2,182.50 1 0
messenger/internal/handlers/pin.go:186.48,188.16 2 0
messenger/internal/handlers/pin.go:189.76,190.27 1 0
messenger/internal/handlers/pin.go:191.45,192.26 1 0
messenger/internal/handlers/pin.go:193.10,194.28 1 0
messenger/internal/handlers/profile.go:21.132,27.2 1 0
messenger/internal/handlers/profile.go:30.54,32.9 2 0
messenger/internal/handlers/profile.go:32.9,34.3 1 0
messenger/internal/handlers/profile.go:36.2,37.16 2 0
messenger/internal/handlers/profile.go:37.16,41.3 3 0
messenger/internal/handlers/profile.go:43.2,44.35 2 0
messenger/internal/handlers/profile.go:44.35,45.33 1 0
messenger/internal/handlers/profile.go:45.33,46.12 1 0
messenger/internal/handlers/profile.go:49.3,55.5 2 0
messenger/internal/handlers/profile.go:58.2,58.45 1 0
messenger/internal/handlers/profile.go:62.56,64.9 2 0
messenger/internal/handlers/profile.go:64.9,66.3 1 0
messenger/internal/handlers/profile.go:68.2,69.16 2 0
messenger/internal/handlers/profile.go:69.16,72.3 2 0
messenger/internal/handlers/profile.go:74.2,75.16 2 0
messenger/internal/handlers/profile.go:75.16,76.10 1 0
messenger/internal/handlers/profile.go:77.50,78.56 1 0
messenger/internal/handlers/profile.go:79.54,80.57 1 0
messenger/internal/handlers/profile.go:81.11,83.49 2 0
messenger/internal/handlers/profile.go:85.3,85.9 1 0
messenger/internal/handlers/profile.go:88.2,88.51 1 0
messenger/internal/handlers/profile.go:92.59,94.9 2 0
messenger/internal/handlers/profile.go:94.9,96.3 1 0
messenger/internal/handlers/profile.go:98.2,99.16 2 0
messenger/internal/handlers/profile.go:99.16,102.3 2 0
messenger/internal/handlers/profile.go:104.2,105.16 2 0
messenger/internal/handlers/profile.go:105.16,106.10 1 0
messenger/internal/handlers/profile.go:107.52,108.40 1 0
messenger/internal/handlers/profile.go:109.11,111.52 2 0
messenger/internal/handlers/profile.go:113.3,113.9 1 0
messenger/internal/handlers/profile.go:116.2,116.53 1 0
messenger/internal/handlers/profile.go:120.54,122.9 2 0
messenger/internal/handlers/profile.go:122.9,124.3 1 0
messenger/internal/handlers/profile.go:126.2,127.35 2 0
messenger/internal/handlers/profile.go:127.35,130.3 2 0
messenger/internal/handlers/profile.go:132.2,133.16 2 0
messenger/internal/handlers/profile.go:133.16,137.3 3 0
messenger/internal/handlers/profile.go:139.2,140.29 2 0
messenger/internal/handlers/profile.go:140.29,149.3 2 0
messenger/internal/handlers/profile.go:151.2,151.42 1 0
messenger/internal/handlers/profile.go:155.59,157.9 2 0
messenger/internal/handlers/profile.go:157.9,159.3 1 0
messenger/internal/handlers/profile.go:161.2,164.47 2 0
messenger/internal/handlers/profile.go:164.47,167.3 2 0
messenger/internal/handlers/profile.go:169.2,169.98 1 0
messenger/internal/handlers/profile.go:169.98,172.3 2 0
messenger/internal/handlers/profile.go:174.2,174.53 1 0
messenger/internal/handlers/profile.go:178.56,180.9 2 0
messenger/internal/handlers/profile.go:180.9,182.3 1 0
messenger/internal/handlers/profile.go:184.2,185.30 2 0
messenger/internal/handlers/profile.go:185.30,187.17 2 0
messenger/internal/handlers/profile.go:187.17,190.4 2 0
messenger/internal/handlers/profile.go:191.3,191.26 1 0
messenger/internal/handlers/profile.go:194.2,195.16 2 0
messenger/internal/handlers/profile.go:195.16,198.3 2 0
messenger/internal/handlers/profile.go:200.2,202.16 3 0
messenger/internal/handlers/profile.go:202.16,205.3 2 0
messenger/internal/handlers/profile.go:208.2,217.4 2 0
messenger/internal/handlers/push.go:14.49,16.16 2 0
messenger/internal/handlers/push.go:16.16,18.3 1 0
messenger/internal/handlers/push.go:19.2,19.45 1 0
messenger/internal/handlers/push.go:29.101,34.2 1 0
messenger/internal/handlers/push.go:37.51,38.32 1 0
messenger/internal/handlers/push.go:38.32,41.3 2 0
messenger/internal/handlers/push.go:42.2,44.4 1 0
messenger/internal/handlers/push.go:54.49,56.9 2 0
messenger/internal/handlers/push.go:56.9,58.3 1 0
messenger/internal/handlers/push.go:60.2,61.47 2 0
messenger/internal/handlers/push.go:61.47,64.3 2 0
messenger/internal/handlers/push.go:66.2,66.41 1 0
messenger/internal/handlers/push.go:66.41,69.3 2 0
messenger/internal/handlers/push.go:71.2,71.113 1 0
messenger/internal/handlers/push.go:71.113,72.66 1 0
messenger/internal/handlers/push.go:72.66,75.4 2 0
messenger/internal/handlers/push.go:76.3,81.9 3 0
messenger/internal/handlers/push.go:84.2,84.70 1 0
messenger/internal/handlers/push.go:92.51,94.9 2 0
messenger/internal/handlers/push.go:94.9,96.3 1 0
messenger/internal/handlers/push.go:98.2,99.47 2 0
messenger/internal/handlers/push.go:99.47,102.3 2 0
messenger/internal/handlers/push.go:104.2,104.93 1 0
messenger/internal/handlers/push.go:104.93,111.3 3 0
messenger/internal/handlers/push.go:113.2,113.74 1 0
messenger/internal/handlers/push.go:117.49,119.9 2 0
messenger/internal/handlers/push.go:119.9,121.3 1 0
messenger/internal/handlers/push.go:123.2,124.16 2 0
messenger/internal/handlers/push.go:124.16,131.3 3 0
messenger/internal/handlers/push.go:133.2,136.4 1 0
messenger/internal/handlers/response.go:14.44,16.2 1 0
messenger/internal/handlers/response.go:18.44,20.2 1 0
messenger/internal/handlers/response.go:22.53,24.2 1 0
messenger/internal/handlers/response.go:26.39,28.2 1 0
messenger/internal/handlers/response.go:30.52,32.2 1 0
messenger/internal/handlers/response.go:34.51,36.2 1 0
messenger/internal/handlers/response.go:38.56,40.2 1 0
messenger/internal/handlers/response.go:44.45,46.13 2 0
messenger/internal/handlers/response.go:46.13,48.3 1 0
messenger/internal/handlers/response.go:49.2,50.9 2 0
messenger/internal/handlers/response.go:50.9,52.3 1 0
messenger/internal/handlers/response.go:53.2,53.21 1 0
messenger/internal/handlers/response.go:56.49,58.13 2 0
messenger/internal/handlers/response.go:58.13,61.3 2 0
messenger/internal/handlers/response.go:62.2,62.21 1 0
messenger/internal/handlers/response.go:65.69,67.16 2 0
messenger/internal/handlers/response.go:67.16,69.3 1 0
messenger/internal/handlers/response.go:70.2,70.23 1 0
messenger/internal/handlers/response.go:74.97,75.15 1 0
messenger/internal/handlers/response.go:75.15,75.37 1 0
messenger/internal/handlers/response.go:76.2,79.53 4 0
messenger/internal/handlers/response.go:79.53,81.3 1 0
messenger/internal/handlers/routes.go:24.9,103.2 52 0
messenger/internal/handlers/routes.go:105.63,109.2 3 0
messenger/internal/handlers/routes.go:112.103,124.2 11 0
messenger/internal/handlers/routes.go:126.69,138.2 9 0
messenger/internal/handlers/routes.go:140.103,153.2 9 0
messenger/internal/handlers/routes.go:155.63,161.2 5 0
messenger/internal/handlers/routes.go:164.65,176.2 11 0
messenger/internal/handlers/user.go:15.69,19.2 1 0
messenger/internal/handlers/user.go:22.52,24.9 2 0
messenger/internal/handlers/user.go:24.9,26.3 1 0
messenger/internal/handlers/user.go:29.2,29.78 1 0
messenger/internal/handlers/user.go:29.78,32.3 2 0
messenger/internal/handlers/user.go:35.2,36.16 2 0
messenger/internal/handlers/user.go:36.16,39.3 2 0
messenger/internal/handlers/user.go:42.2,43.16 2 0
[...]
messenger/internal/handlers/websocket.go:854.2,856.4 1 0
messenger/internal/handlers/websocket.go:860.63,862.9 2 0
messenger/internal/handlers/websocket.go:862.9,864.3 1 0
messenger/internal/handlers/websocket.go:866.2,867.16 2 0
messenger/internal/handlers/websocket.go:867.16,874.3 3 0
messenger/internal/handlers/websocket.go:876.2,878.4 1 0
messenger/internal/handlers/websocket.go:882.63,884.9 2 0
messenger/internal/handlers/websocket.go:884.9,886.3 1 0
messenger/internal/handlers/websocket.go:888.2,889.16 2 0
messenger/internal/handlers/websocket.go:889.16,892.3 2 0
messenger/internal/handlers/websocket.go:894.2,900.4 2 0
messenger/internal/handlers/websocket.go:910.45,917.31 2 0
messenger/internal/handlers/websocket.go:917.31,919.3 1 0
messenger/internal/handlers/websocket.go:921.2,921.13 1 0
messenger/internal/handlers/websocket.go:925.31,926.30 1 0
messenger/internal/handlers/websocket.go:926.30,928.3 1 0
messenger/internal/handlers/websocket.go:932.41,934.2 1 0
messenger/internal/handlers/websocket.go:937.30,939.2 1 0
messenger/internal/handlers/websocket_actions.go:16.109,17.24 1 0
messenger/internal/handlers/websocket_actions.go:17.24,19.3 1 0
messenger/internal/handlers/websocket_actions.go:20.2,20.40 1 0
messenger/internal/handlers/websocket_actions.go:20.40,22.3 1 0
messenger/internal/handlers/websocket_actions.go:25.2,26.16 2 0
messenger/internal/handlers/websocket_actions.go:26.16,28.3 1 0
messenger/internal/handlers/websocket_actions.go:30.2,32.18 2 0
messenger/internal/handlers/websocket_actions.go:32.18,34.3 1 0
messenger/internal/handlers/websocket_actions.go:34.8,36.3 1 0
messenger/internal/handlers/websocket_actions.go:37.2,37.16 1 0
messenger/internal/handlers/websocket_actions.go:37.16,39.3 1 0
messenger/internal/handlers/websocket_actions.go:41.2,42.30 2 0
messenger/internal/handlers/websocket_actions.go:42.30,44.3 1 0
messenger/internal/handlers/websocket_actions.go:46.2,57.16 3 0
messenger/internal/handlers/websocket_actions.go:57.16,63.3 2 0
messenger/internal/handlers/websocket_actions.go:66.2,66.72 1 0
messenger/internal/handlers/websocket_actions.go:66.72,71.3 1 0
messenger/internal/handlers/websocket_actions.go:73.2,73.12 1 0
messenger/internal/handlers/websocket_actions.go:77.153,78.27 1 0
messenger/internal/handlers/websocket_actions.go:78.27,80.3 1 0
messenger/internal/handlers/websocket_actions.go:82.2,83.28 2 0
messenger/internal/handlers/websocket_actions.go:83.28,85.3 1 0
messenger/internal/handlers/websocket_actions.go:87.2,90.16 3 0
messenger/internal/handlers/websocket_actions.go:90.16,97.3 2 0
messenger/internal/handlers/websocket_actions.go:100.2,100.55 1 0
messenger/internal/handlers/websocket_actions.go:100.55,102.50 2 0
messenger/internal/handlers/websocket_actions.go:102.50,104.4 1 0
messenger/internal/handlers/websocket_actions.go:105.3,105.75 1 0
messenger/internal/handlers/websocket_actions.go:108.2,108.17 1 0
messenger/internal/handlers/websocket_actions.go:112.152,113.30 1 0
messenger/internal/handlers/websocket_actions.go:113.30,115.3 1 0
messenger/internal/handlers/websocket_actions.go:118.2,119.16 2 0
messenger/internal/handlers/websocket_actions.go:119.16,121.3 1 0
messenger/internal/handlers/websocket_actions.go:124.2,125.16 2 0
messenger/internal/handlers/websocket_actions.go:125.16,127.3 1 0
messenger/internal/handlers/websocket_actions.go:129.2,130.37 2 0
messenger/internal/handlers/websocket_actions.go:130.37,131.70 1 0
messenger/internal/handlers/websocket_actions.go:131.70,133.4 1 0
messenger/internal/handlers/websocket_actions.go:136.2,137.16 2 0
messenger/internal/handlers/websocket_actions.go:137.16,144.3 2 0
messenger/internal/handlers/websocket_actions.go:147.2,147.55 1 0
messenger/internal/handlers/websocket_actions.go:147.55,149.50 2 0
messenger/internal/handlers/websocket_actions.go:149.50,151.4 1 0
messenger/internal/handlers/websocket_actions.go:152.3,152.43 1 0
messenger/internal/handlers/websocket_actions.go:152.43,154.4 1 0
messenger/internal/handlers/websocket_actions.go:157.2,157.17 1 0
messenger/internal/handlers/websocket_actions.go:164.98,165.15 1 0
messenger/internal/handlers/websocket_actions.go:165.15,166.31 1 0
messenger/internal/handlers/websocket_actions.go:166.31,171.4 1 0
messenger/internal/handlers/websocket_actions.go:174.2,181.90 3 0
messenger/internal/handlers/websocket_actions.go:181.90,183.3 1 0
messenger/internal/handlers/websocket_actions.go:185.2,186.40 2 0
messenger/internal/handlers/websocket_actions.go:186.40,189.3 2 0
messenger/internal/handlers/websocket_actions.go:191.2,199.99 2 0
messenger/internal/handlers/websocket_actions.go:199.99,204.3 1 0
messenger/internal/handlers/websocket_actions.go:208.109,209.28 1 0
messenger/internal/handlers/websocket_actions.go:209.28,211.3 1 0
messenger/internal/handlers/websocket_actions.go:212.2,212.24 1 0
messenger/internal/handlers/websocket_actions.go:212.24,214.3 1 0
messenger/internal/handlers/websocket_actions.go:215.2,215.40 1 0
messenger/internal/handlers/websocket_actions.go:215.40,217.3 1 0
messenger/internal/handlers/websocket_actions.go:220.2,220.73 1 0
messenger/internal/handlers/websocket_actions.go:220.73,222.3 1 0
messenger/internal/handlers/websocket_actions.go:224.2,224.96 1 0
messenger/internal/handlers/websocket_actions.go:224.96,231.3 2 0
messenger/internal/handlers/websocket_actions.go:233.2,241.16 3 0
messenger/internal/handlers/websocket_actions.go:241.16,247.3 2 0
messenger/internal/handlers/websocket_actions.go:249.2,249.72 1 0
messenger/internal/handlers/websocket_actions.go:249.72,254.3 1 0
messenger/internal/handlers/websocket_actions.go:255.2,255.12 1 0
messenger/internal/handlers/websocket_actions.go:259.111,260.28 1 0
messenger/internal/handlers/websocket_actions.go:260.28,262.3 1 0
messenger/internal/handlers/websocket_actions.go:265.2,265.73 1 0
messenger/internal/handlers/websocket_actions.go:265.73,267.3 1 0
messenger/internal/handlers/websocket_actions.go:269.2,269.84 1 0
messenger/internal/handlers/websocket_actions.go:269.84,276.3 2 0
messenger/internal/handlers/websocket_actions.go:278.2,286.16 3 0
messenger/internal/handlers/websocket_actions.go:286.16,292.3 2 0
messenger/internal/handlers/websocket_actions.go:294.2,294.72 1 0
messenger/internal/handlers/websocket_actions.go:294.72,299.3 1 0
messenger/internal/handlers/websocket_actions.go:300.2,300.12 1 0
messenger/internal/handlers/websocket_actions.go:304.106,305.25 1 0
messenger/internal/handlers/websocket_actions.go:305.25,307.3 1 0
messenger/internal/handlers/websocket_actions.go:310.2,310.82 1 0
messenger/internal/handlers/websocket_actions.go:310.82,317.3 2 0
messenger/internal/handlers/websocket_actions.go:319.2,319.12 1 0
messenger/internal/handlers/websocket_actions.go:323.94,325.16 2 0
messenger/internal/handlers/websocket_actions.go:325.16,327.3 1 0
messenger/internal/handlers/websocket_actions.go:329.2,329.18 1 0
messenger/internal/handlers/websocket_actions.go:329.18,330.31 1 0
messenger/internal/handlers/websocket_actions.go:330.31,332.4 1 0
messenger/internal/handlers/websocket_actions.go:333.3,333.85 1 0
messenger/internal/handlers/websocket_actions.go:333.85,335.4 1 0
messenger/internal/handlers/websocket_actions.go:336.3,336.13 1 0
messenger/internal/handlers/websocket_actions.go:339.2,339.27 1 0
messenger/internal/handlers/websocket_actions.go:339.27,341.3 1 0
messenger/internal/handlers/websocket_actions.go:342.2,342.12 1 0
messenger/cmd/server/main.go:13.13,15.49 1 0
messenger/cmd/server/main.go:15.49,17.3 1 0
messenger/cmd/server/main.go:19.2,19.34 1 0
messenger/cmd/server/main.go:19.34,22.3 2 0
messenger/cmd/server/main.go:25.27,27.16 2 0
messenger/cmd/server/main.go:27.16,29.3 1 0
messenger/cmd/server/main.go:31.2,33.16 3 0
messenger/cmd/server/main.go:33.16,35.3 1 0
messenger/cmd/server/main.go:36.2,36.15 1 0
messenger/cmd/server/main.go:36.15,36.40 1 0
messenger/cmd/server/main.go:40.2,42.38 2 0
messenger/cmd/server/main.go:42.38,44.3 1 0
messenger/cmd/server/main.go:45.2,45.10 1 0
messenger/internal/app/app.go:43.18,45.16 2 0
messenger/internal/app/app.go:45.16,47.3 1 0
messenger/internal/app/app.go:50.2,55.16 4 0
messenger/internal/app/app.go:55.16,57.3 1 0
messenger/internal/app/app.go:60.2,61.16 2 0
messenger/internal/app/app.go:61.16,63.3 1 0
messenger/internal/app/app.go:66.2,67.16 2 0
messenger/internal/app/app.go:67.16,69.3 1 0
messenger/internal/app/app.go:72.2,72.47 1 0
messenger/internal/app/app.go:72.47,74.3 1 0
messenger/internal/app/app.go:77.2,80.114 2 0
messenger/internal/app/app.go:80.114,82.3 1 0
messenger/internal/app/app.go:85.2,86.16 2 0
messenger/internal/app/app.go:86.16,88.3 1 0
messenger/internal/app/app.go:90.2,98.55 3 0
messenger/internal/app/app.go:98.55,101.3 2 0
messenger/internal/app/app.go:102.2,102.55 1 0
messenger/internal/app/app.go:102.55,105.17 3 0
messenger/internal/app/app.go:105.17,107.4 1 0
messenger/internal/app/app.go:108.3,108.23 1 0
messenger/internal/app/app.go:112.2,112.12 1 0
messenger/internal/app/app.go:112.12,114.87 2 0
messenger/internal/app/app.go:114.87,116.4 1 0
messenger/internal/app/app.go:120.2,122.12 3 0
messenger/internal/app/app.go:125.68,143.16 4 0
messenger/internal/app/app.go:143.16,145.3 1 0
messenger/internal/app/app.go:147.2,148.16 2 0
messenger/internal/app/app.go:148.16,150.3 1 0
messenger/internal/app/app.go:152.2,158.16 6 0
messenger/internal/app/app.go:165.68,167.2 1 0
messenger/internal/app/app.go:169.56,175.100 2 0
messenger/internal/app/app.go:175.100,177.3 1 0
messenger/internal/app/app.go:178.2,178.100 1 0
messenger/internal/app/app.go:178.100,180.3 1 0
messenger/internal/app/app.go:182.2,192.3 1 0
messenger/internal/app/app.go:195.47,205.60 6 0
messenger/internal/app/app.go:205.60,207.3 1 0
messenger/internal/app/app.go:208.2,223.59 4 0
messenger/internal/app/app.go:223.59,225.4 1 0
messenger/internal/app/app.go:226.40,228.4 1 0
messenger/internal/app/app.go:231.2,231.34 1 0
messenger/internal/app/app.go:231.34,232.51 1 0
messenger/internal/app/app.go:232.51,235.4 2 0
messenger/internal/app/app.go:236.3,236.27 1 0
messenger/internal/app/app.go:239.2,239.15 1 0
messenger/internal/app/app.go:242.52,243.30 1 0
messenger/internal/app/app.go:243.30,252.24 6 0
messenger/internal/app/app.go:252.24,260.4 1 0
messenger/internal/app/app.go:260.9,266.4 1 0
messenger/internal/shutdown/shutdown.go:22.71,27.2 1 0
messenger/internal/shutdown/shutdown.go:30.69,32.2 1 0
messenger/internal/shutdown/shutdown.go:36.35,45.31 7 0
messenger/internal/shutdown/shutdown.go:45.31,46.33 1 0
messenger/internal/shutdown/shutdown.go:46.33,51.4 1 0
messenger/internal/shutdown/shutdown.go:54.2,54.36 1 0
messenger/internal/logger/logger.go:9.43,12.11 2 0
messenger/internal/logger/logger.go:12.11,16.3 3 0
messenger/internal/logger/logger.go:16.8,19.3 2 0
messenger/internal/logger/logger.go:21.2,21.23 1 0
messenger/internal/logger/logger.go:25.38,27.16 2 0
messenger/internal/logger/logger.go:27.16,28.13 1 0
messenger/internal/logger/logger.go:30.2,30.15 1 0
messenger/internal/storage/factory.go:22.57,24.27 1 0
messenger/internal/storage/factory.go:24.27,26.3 1 0
messenger/internal/storage/factory.go:27.2,27.30 1 0
messenger/internal/storage/factory.go:27.30,29.3 1 0
messenger/internal/storage/factory.go:30.2,30.30 1 0
messenger/internal/storage/factory.go:30.30,32.3 1 0
messenger/internal/storage/factory.go:34.2,34.29 1 0
messenger/internal/storage/factory.go:38.41,41.76 2 0
messenger/internal/storage/factory.go:41.76,42.71 1 0
messenger/internal/storage/factory.go:42.71,44.4 1 0
messenger/internal/storage/factory.go:48.2,49.18 2 0
messenger/internal/storage/factory.go:49.18,51.3 1 0
messenger/internal/storage/factory.go:53.2,56.26 3 0
messenger/internal/storage/factory.go:56.26,58.3 1 0
messenger/internal/storage/factory.go:60.2,68.3 1 0
messenger/internal/storage/s3_storage.go:29.62,41.39 2 0
messenger/internal/storage/s3_storage.go:41.39,43.30 2 0
messenger/internal/storage/s3_storage.go:43.30,45.4 1 0
messenger/internal/storage/s3_storage.go:48.2,51.45 2 0
messenger/internal/storage/s3_storage.go:51.45,53.36 2 0
messenger/internal/storage/s3_storage.go:53.36,55.4 1 0
messenger/internal/storage/s3_storage.go:58.2,66.8 3 0
messenger/internal/storage/s3_storage.go:70.106,91.16 9 0
messenger/internal/storage/s3_storage.go:91.16,93.3 1 0
messenger/internal/storage/s3_storage.go:96.2,103.16 2 0
messenger/internal/storage/s3_storage.go:103.16,105.3 1 0
messenger/internal/storage/s3_storage.go:107.2,113.8 1 0
messenger/internal/storage/s3_storage.go:117.60,124.16 3 0
messenger/internal/storage/s3_storage.go:124.16,126.3 1 0
messenger/internal/storage/s3_storage.go:128.2,128.25 1 0
messenger/internal/storage/s3_storage.go:132.46,139.16 3 0
messenger/internal/storage/s3_storage.go:139.16,141.3 1 0
messenger/internal/storage/s3_storage.go:143.2,143.12 1 0
messenger/internal/storage/s3_storage.go:147.47,153.35 2 0
messenger/internal/storage/s3_storage.go:153.35,155.3 1 0
messenger/internal/storage/s3_storage.go:157.2,157.16 1 0
messenger/internal/storage/s3_storage.go:157.16,159.3 1 0
messenger/internal/storage/s3_storage.go:161.2,161.25 1 0
messenger/internal/repositories/attachment_repo.go:17.53,19.2 1 0
messenger/internal/repositories/attachment_repo.go:22.91,24.2 1 0
messenger/internal/repositories/attachment_repo.go:27.99,28.27 1 0
messenger/internal/repositories/attachment_repo.go:28.27,30.3 1 0
messenger/internal/repositories/attachment_repo.go:31.2,31.56 1 0
messenger/internal/repositories/attachment_repo.go:35.93,38.16 3 0
messenger/internal/repositories/attachment_repo.go:38.16,40.3 1 0
messenger/internal/repositories/attachment_repo.go:41.2,41.25 1 0
messenger/internal/repositories/attachment_repo.go:45.104,48.16 3 0
messenger/internal/repositories/attachment_repo.go:48.16,50.3 1 0
messenger/internal/repositories/attachment_repo.go:51.2,51.25 1 0
messenger/internal/repositories/attachment_repo.go:55.69,57.2 1 0
messenger/internal/repositories/chat_participant_repo.go:17.63,19.2 1 0
messenger/internal/repositories/chat_participant_repo.go:22.72,24.2 1 0
messenger/internal/repositories/chat_participant_repo.go:27.92,29.2 1 0
messenger/internal/repositories/chat_participant_repo.go:32.86,36.2 1 0
messenger/internal/repositories/chat_participant_repo.go:39.111,45.2 3 0
messenger/internal/repositories/chat_participant_repo.go:48.120,55.2 3 0
messenger/internal/repositories/chat_participant_repo.go:58.103,65.2 3 0
messenger/internal/repositories/chat_participant_repo.go:68.124,73.16 3 0
messenger/internal/repositories/chat_participant_repo.go:73.16,75.3 1 0
messenger/internal/repositories/chat_participant_repo.go:76.2,76.16 1 0
messenger/internal/repositories/chat_participant_repo.go:80.94,87.2 3 0
messenger/internal/repositories/chat_participant_repo.go:90.101,97.2 3 0
messenger/internal/repositories/chat_participant_repo.go:100.119,105.2 1 0
messenger/internal/repositories/chat_repo.go:17.41,19.2 1 0
messenger/internal/repositories/chat_repo.go:22.50,24.2 1 0
messenger/internal/repositories/chat_repo.go:27.73,29.2 1 0
messenger/internal/repositories/chat_repo.go:32.98,35.16 3 0
messenger/internal/repositories/chat_repo.go:35.16,37.3 1 0
messenger/internal/repositories/chat_repo.go:38.2,38.19 1 0
messenger/internal/repositories/chat_repo.go:43.109,49.18 3 0
messenger/internal/repositories/chat_repo.go:49.18,51.3 1 0
messenger/internal/repositories/chat_repo.go:53.2,54.19 2 0
messenger/internal/repositories/chat_repo.go:58.81,61.16 3 0
messenger/internal/repositories/chat_repo.go:61.16,63.3 1 0
messenger/internal/repositories/chat_repo.go:64.2,64.19 1 0
messenger/internal/repositories/chat_repo.go:68.86,71.16 3 0
messenger/internal/repositories/chat_repo.go:71.16,73.3 1 0
messenger/internal/repositories/chat_repo.go:74.2,74.19 1 0
messenger/internal/repositories/chat_repo.go:78.97,84.16 3 0
messenger/internal/repositories/chat_repo.go:84.16,86.3 1 0
messenger/internal/repositories/chat_repo.go:87.2,87.19 1 0
messenger/internal/repositories/chat_repo.go:92.145,96.27 3 0
messenger/internal/repositories/chat_repo.go:96.27,101.3 1 0
messenger/internal/repositories/chat_repo.go:101.8,106.3 1 0
messenger/internal/repositories/chat_repo.go:108.2,108.18 1 0
messenger/internal/repositories/chat_repo.go:108.18,110.3 1 0
messenger/internal/repositories/chat_repo.go:112.2,113.19 2 0
messenger/internal/repositories/contact_repo.go:17.47,19.2 1 0
messenger/internal/repositories/contact_repo.go:22.82,24.2 1 0
messenger/internal/repositories/contact_repo.go:27.109,30.16 3 0
messenger/internal/repositories/contact_repo.go:30.16,32.3 1 0
messenger/internal/repositories/contact_repo.go:33.2,33.22 1 0
messenger/internal/repositories/contact_repo.go:37.99,43.2 3 0
messenger/internal/repositories/contact_repo.go:46.82,48.2 1 0
messenger/internal/repositories/message_repo.go:18.47,20.2 1 0
messenger/internal/repositories/message_repo.go:23.56,25.2 1 0
messenger/internal/repositories/message_repo.go:28.82,30.2 1 0
messenger/internal/repositories/message_repo.go:33.98,42.2 3 0
messenger/internal/repositories/message_repo.go:45.112,56.57 3 0
messenger/internal/repositories/message_repo.go:56.57,58.3 1 0
messenger/internal/repositories/message_repo.go:60.2,60.22 1 0
messenger/internal/repositories/message_repo.go:64.87,68.2 3 0
messenger/internal/repositories/message_repo.go:71.93,80.2 2 0
messenger/internal/repositories/message_repo.go:83.77,87.2 1 0
messenger/internal/repositories/pinned_message_repo.go:17.59,19.2 1 0
messenger/internal/repositories/pinned_message_repo.go:22.68,24.2 1 0
messenger/internal/repositories/pinned_message_repo.go:27.90,29.2 1 0
messenger/internal/repositories/pinned_message_repo.go:32.87,36.2 1 0
messenger/internal/repositories/pinned_message_repo.go:39.107,48.2 3 0
messenger/internal/repositories/pinned_message_repo.go:51.92,58.2 3 0
messenger/internal/repositories/pinned_message_repo.go:61.97,68.2 3 0
messenger/internal/repositories/pinned_message_repo.go:71.84,75.2 1 0
messenger/internal/repositories/push_subscription_repo.go:18.65,20.2 1 0
messenger/internal/repositories/push_subscription_repo.go:23.96,30.2 1 0
messenger/internal/repositories/push_subscription_repo.go:33.111,39.2 3 0
messenger/internal/repositories/push_subscription_repo.go:42.106,46.2 1 0
messenger/internal/repositories/push_subscription_repo.go:50.99,54.2 1 0
messenger/internal/repositories/push_subscription_repo.go:57.93,65.2 3 0
messenger/internal/repositories/push_subscription_repo.go:68.93,75.2 3 0
messenger/internal/repositories/unread_message_repo.go:17.59,19.2 1 0
messenger/internal/repositories/unread_message_repo.go:22.68,24.2 1 0
messenger/internal/repositories/unread_message_repo.go:27.96,29.2 1 0
messenger/internal/repositories/unread_message_repo.go:32.105,40.2 3 0
messenger/internal/repositories/unread_message_repo.go:43.90,47.2 1 0
messenger/internal/repositories/unread_message_repo.go:50.82,54.2 1 0
messenger/internal/repositories/unread_message_repo.go:57.103,69.16 3 0
messenger/internal/repositories/unread_message_repo.go:69.16,71.3 1 0
messenger/internal/repositories/unread_message_repo.go:73.2,74.28 2 0
messenger/internal/repositories/unread_message_repo.go:74.28,76.3 1 0
messenger/internal/repositories/unread_message_repo.go:77.2,77.20 1 0
messenger/internal/repositories/user_repo.go:17.41,19.2 1 0
messenger/internal/repositories/user_repo.go:22.73,24.2 1 0
messenger/internal/repositories/user_repo.go:27.95,30.16 3 0
messenger/internal/repositories/user_repo.go:30.16,32.3 1 0
messenger/internal/repositories/user_repo.go:33.2,33.19 1 0
messenger/internal/repositories/user_repo.go:37.81,40.16 3 0
messenger/internal/repositories/user_repo.go:40.16,42.3 1 0
messenger/internal/repositories/user_repo.go:43.2,43.19 1 0
messenger/internal/repositories/user_repo.go:47.92,49.2 1 0
messenger/internal/repositories/user_repo.go:52.84,54.2 1 0
messenger/internal/repositories/user_repo.go:57.102,63.16 4 0
messenger/internal/repositories/user_repo.go:63.16,65.3 1 0
messenger/internal/repositories/user_repo.go:66.2,66.19 1 0
